==61373== Memcheck, a memory error detector
==61373== Copyright (C) 2002-2022, and GNU GPL'd, by Julian Seward et al.
==61373== Using Valgrind-3.21.0 and LibVEX; rerun with -h for copyright info
==61373== Command: ./minishell
==61373== 
==61373== 
==61373== HEAP SUMMARY:
==61373==     in use at exit: 228,806 bytes in 233 blocks
==61373==   total heap usage: 455 allocs, 222 frees, 253,462 bytes allocated
==61373== 
==61373== 8 bytes in 1 blocks are still reachable in loss record 1 of 73
==61373==    at 0x48850EC: malloc (vg_replace_malloc.c:431)
==61373==    by 0x48FE08F: xrealloc (in /usr/lib/aarch64-linux-gnu/libreadline.so.8.2)
==61373==    by 0x48E80CF: ??? (in /usr/lib/aarch64-linux-gnu/libreadline.so.8.2)
==61373==    by 0x48E88CB: rl_expand_prompt (in /usr/lib/aarch64-linux-gnu/libreadline.so.8.2)
==61373==    by 0x48D6433: rl_set_prompt (in /usr/lib/aarch64-linux-gnu/libreadline.so.8.2)
==61373==    by 0x48E31CB: readline (in /usr/lib/aarch64-linux-gnu/libreadline.so.8.2)
==61373==    by 0x1099BB: minishell (minishell.c:219)
==61373==    by 0x109AEB: main (minishell.c:253)
==61373== 
{
   <insert_a_suppression_name_here>
   Memcheck:Leak
   match-leak-kinds: reachable
   fun:malloc
   fun:xrealloc
   obj:/usr/lib/aarch64-linux-gnu/libreadline.so.8.2
   fun:rl_expand_prompt
   fun:rl_set_prompt
   fun:readline
   fun:minishell
   fun:main
}
==61373== 8 bytes in 1 blocks are still reachable in loss record 2 of 73
==61373==    at 0x48850EC: malloc (vg_replace_malloc.c:431)
==61373==    by 0x49CCDDF: strdup (strdup.c:42)
==61373==    by 0x4B0F51F: _nc_trim_sgr0 (in /usr/lib/aarch64-linux-gnu/libtinfo.so.6.5)
==61373==    by 0x4B0B0F7: tgetent_sp (in /usr/lib/aarch64-linux-gnu/libtinfo.so.6.5)
==61373==    by 0x48F88FF: _rl_init_terminal_io (in /usr/lib/aarch64-linux-gnu/libreadline.so.8.2)
==61373==    by 0x48E2E87: rl_initialize (in /usr/lib/aarch64-linux-gnu/libreadline.so.8.2)
==61373==    by 0x48E31CF: readline (in /usr/lib/aarch64-linux-gnu/libreadline.so.8.2)
==61373==    by 0x1099BB: minishell (minishell.c:219)
==61373==    by 0x109AEB: main (minishell.c:253)
==61373== 
{
   <insert_a_suppression_name_here>
   Memcheck:Leak
   match-leak-kinds: reachable
   fun:malloc
   fun:strdup
   fun:_nc_trim_sgr0
   fun:tgetent_sp
   fun:_rl_init_terminal_io
   fun:rl_initialize
   fun:readline
   fun:minishell
   fun:main
}
==61373== 9 bytes in 1 blocks are still reachable in loss record 3 of 73
==61373==    at 0x48850EC: malloc (vg_replace_malloc.c:431)
==61373==    by 0x48FD4EF: xmalloc (in /usr/lib/aarch64-linux-gnu/libreadline.so.8.2)
==61373==    by 0x48F85DB: _rl_reset_region_color (in /usr/lib/aarch64-linux-gnu/libreadline.so.8.2)
==61373==    by 0x48F8A7F: _rl_init_terminal_io (in /usr/lib/aarch64-linux-gnu/libreadline.so.8.2)
==61373==    by 0x48E2E87: rl_initialize (in /usr/lib/aarch64-linux-gnu/libreadline.so.8.2)
==61373==    by 0x48E31CF: readline (in /usr/lib/aarch64-linux-gnu/libreadline.so.8.2)
==61373==    by 0x1099BB: minishell (minishell.c:219)
==61373==    by 0x109AEB: main (minishell.c:253)
==61373== 
{
   <insert_a_suppression_name_here>
   Memcheck:Leak
   match-leak-kinds: reachable
   fun:malloc
   fun:xmalloc
   fun:_rl_reset_region_color
   fun:_rl_init_terminal_io
   fun:rl_initialize
   fun:readline
   fun:minishell
   fun:main
}
==61373== 11 bytes in 1 blocks are still reachable in loss record 4 of 73
==61373==    at 0x48850EC: malloc (vg_replace_malloc.c:431)
==61373==    by 0x48FD4EF: xmalloc (in /usr/lib/aarch64-linux-gnu/libreadline.so.8.2)
==61373==    by 0x48F85DB: _rl_reset_region_color (in /usr/lib/aarch64-linux-gnu/libreadline.so.8.2)
==61373==    by 0x48F8A8B: _rl_init_terminal_io (in /usr/lib/aarch64-linux-gnu/libreadline.so.8.2)
==61373==    by 0x48E2E87: rl_initialize (in /usr/lib/aarch64-linux-gnu/libreadline.so.8.2)
==61373==    by 0x48E31CF: readline (in /usr/lib/aarch64-linux-gnu/libreadline.so.8.2)
==61373==    by 0x1099BB: minishell (minishell.c:219)
==61373==    by 0x109AEB: main (minishell.c:253)
==61373== 
{
   <insert_a_suppression_name_here>
   Memcheck:Leak
   match-leak-kinds: reachable
   fun:malloc
   fun:xmalloc
   fun:_rl_reset_region_color
   fun:_rl_init_terminal_io
   fun:rl_initialize
   fun:readline
   fun:minishell
   fun:main
}
==61373== 12 bytes in 1 blocks are still reachable in loss record 5 of 73
==61373==    at 0x48850EC: malloc (vg_replace_malloc.c:431)
==61373==    by 0x48FD4EF: xmalloc (in /usr/lib/aarch64-linux-gnu/libreadline.so.8.2)
==61373==    by 0x48F6D07: _rl_init_locale (in /usr/lib/aarch64-linux-gnu/libreadline.so.8.2)
==61373==    by 0x48F6DDB: _rl_init_eightbit (in /usr/lib/aarch64-linux-gnu/libreadline.so.8.2)
==61373==    by 0x48E30C3: rl_initialize (in /usr/lib/aarch64-linux-gnu/libreadline.so.8.2)
==61373==    by 0x48E31CF: readline (in /usr/lib/aarch64-linux-gnu/libreadline.so.8.2)
==61373==    by 0x1099BB: minishell (minishell.c:219)
==61373==    by 0x109AEB: main (minishell.c:253)
==61373== 
{
   <insert_a_suppression_name_here>
   Memcheck:Leak
   match-leak-kinds: reachable
   fun:malloc
   fun:xmalloc
   fun:_rl_init_locale
   fun:_rl_init_eightbit
   fun:rl_initialize
   fun:readline
   fun:minishell
   fun:main
}
==61373== 13 bytes in 1 blocks are still reachable in loss record 6 of 73
==61373==    at 0x48850EC: malloc (vg_replace_malloc.c:431)
==61373==    by 0x48FD4EF: xmalloc (in /usr/lib/aarch64-linux-gnu/libreadline.so.8.2)
==61373==    by 0x48E96AB: ??? (in /usr/lib/aarch64-linux-gnu/libreadline.so.8.2)
==61373==    by 0x48E30CB: rl_initialize (in /usr/lib/aarch64-linux-gnu/libreadline.so.8.2)
==61373==    by 0x48E31CF: readline (in /usr/lib/aarch64-linux-gnu/libreadline.so.8.2)
==61373==    by 0x1099BB: minishell (minishell.c:219)
==61373==    by 0x109AEB: main (minishell.c:253)
==61373== 
{
   <insert_a_suppression_name_here>
   Memcheck:Leak
   match-leak-kinds: reachable
   fun:malloc
   fun:xmalloc
   obj:/usr/lib/aarch64-linux-gnu/libreadline.so.8.2
   fun:rl_initialize
   fun:readline
   fun:minishell
   fun:main
}
==61373== 14 bytes in 1 blocks are still reachable in loss record 7 of 73
==61373==    at 0x48850EC: malloc (vg_replace_malloc.c:431)
==61373==    by 0x49CCDDF: strdup (strdup.c:42)
==61373==    by 0x4AFEAA3: ??? (in /usr/lib/aarch64-linux-gnu/libtinfo.so.6.5)
==61373==    by 0x4B0162F: _nc_first_db (in /usr/lib/aarch64-linux-gnu/libtinfo.so.6.5)
==61373==    by 0x4B0FF67: _nc_read_entry2 (in /usr/lib/aarch64-linux-gnu/libtinfo.so.6.5)
==61373==    by 0x4B0A93F: ??? (in /usr/lib/aarch64-linux-gnu/libtinfo.so.6.5)
==61373==    by 0x4B0AAD7: _nc_setupterm (in /usr/lib/aarch64-linux-gnu/libtinfo.so.6.5)
==61373==    by 0x4B0AF33: tgetent_sp (in /usr/lib/aarch64-linux-gnu/libtinfo.so.6.5)
==61373==    by 0x48F88FF: _rl_init_terminal_io (in /usr/lib/aarch64-linux-gnu/libreadline.so.8.2)
==61373==    by 0x48E2E87: rl_initialize (in /usr/lib/aarch64-linux-gnu/libreadline.so.8.2)
==61373==    by 0x48E31CF: readline (in /usr/lib/aarch64-linux-gnu/libreadline.so.8.2)
==61373==    by 0x1099BB: minishell (minishell.c:219)
==61373== 
{
   <insert_a_suppression_name_here>
   Memcheck:Leak
   match-leak-kinds: reachable
   fun:malloc
   fun:strdup
   obj:/usr/lib/aarch64-linux-gnu/libtinfo.so.6.5
   fun:_nc_first_db
   fun:_nc_read_entry2
   obj:/usr/lib/aarch64-linux-gnu/libtinfo.so.6.5
   fun:_nc_setupterm
   fun:tgetent_sp
   fun:_rl_init_terminal_io
   fun:rl_initialize
   fun:readline
   fun:minishell
}
==61373== 14 bytes in 1 blocks are still reachable in loss record 8 of 73
==61373==    at 0x488A4F0: realloc (vg_replace_malloc.c:1649)
==61373==    by 0x4B001C3: _nc_doalloc (in /usr/lib/aarch64-linux-gnu/libtinfo.so.6.5)
==61373==    by 0x4B082C3: _nc_tiparm (in /usr/lib/aarch64-linux-gnu/libtinfo.so.6.5)
==61373==    by 0x4B0F483: ??? (in /usr/lib/aarch64-linux-gnu/libtinfo.so.6.5)
==61373==    by 0x4B0F50F: _nc_trim_sgr0 (in /usr/lib/aarch64-linux-gnu/libtinfo.so.6.5)
==61373==    by 0x4B0B0F7: tgetent_sp (in /usr/lib/aarch64-linux-gnu/libtinfo.so.6.5)
==61373==    by 0x48F88FF: _rl_init_terminal_io (in /usr/lib/aarch64-linux-gnu/libreadline.so.8.2)
==61373==    by 0x48E2E87: rl_initialize (in /usr/lib/aarch64-linux-gnu/libreadline.so.8.2)
==61373==    by 0x48E31CF: readline (in /usr/lib/aarch64-linux-gnu/libreadline.so.8.2)
==61373==    by 0x1099BB: minishell (minishell.c:219)
==61373==    by 0x109AEB: main (minishell.c:253)
==61373== 
{
   <insert_a_suppression_name_here>
   Memcheck:Leak
   match-leak-kinds: reachable
   fun:realloc
   fun:_nc_doalloc
   fun:_nc_tiparm
   obj:/usr/lib/aarch64-linux-gnu/libtinfo.so.6.5
   fun:_nc_trim_sgr0
   fun:tgetent_sp
   fun:_rl_init_terminal_io
   fun:rl_initialize
   fun:readline
   fun:minishell
   fun:main
}
==61373== 15 bytes in 1 blocks are still reachable in loss record 9 of 73
==61373==    at 0x48850EC: malloc (vg_replace_malloc.c:431)
==61373==    by 0x48FD4EF: xmalloc (in /usr/lib/aarch64-linux-gnu/libreadline.so.8.2)
==61373==    by 0x48D6403: rl_set_prompt (in /usr/lib/aarch64-linux-gnu/libreadline.so.8.2)
==61373==    by 0x48E31CB: readline (in /usr/lib/aarch64-linux-gnu/libreadline.so.8.2)
==61373==    by 0x1099BB: minishell (minishell.c:219)
==61373==    by 0x109AEB: main (minishell.c:253)
==61373== 
{
   <insert_a_suppression_name_here>
   Memcheck:Leak
   match-leak-kinds: reachable
   fun:malloc
   fun:xmalloc
   fun:rl_set_prompt
   fun:readline
   fun:minishell
   fun:main
}
==61373== 15 bytes in 1 blocks are still reachable in loss record 10 of 73
==61373==    at 0x48850EC: malloc (vg_replace_malloc.c:431)
==61373==    by 0x48FD4EF: xmalloc (in /usr/lib/aarch64-linux-gnu/libreadline.so.8.2)
==61373==    by 0x48E8763: ??? (in /usr/lib/aarch64-linux-gnu/libreadline.so.8.2)
==61373==    by 0x48E88CB: rl_expand_prompt (in /usr/lib/aarch64-linux-gnu/libreadline.so.8.2)
==61373==    by 0x48D6433: rl_set_prompt (in /usr/lib/aarch64-linux-gnu/libreadline.so.8.2)
==61373==    by 0x48E31CB: readline (in /usr/lib/aarch64-linux-gnu/libreadline.so.8.2)
==61373==    by 0x1099BB: minishell (minishell.c:219)
==61373==    by 0x109AEB: main (minishell.c:253)
==61373== 
{
   <insert_a_suppression_name_here>
   Memcheck:Leak
   match-leak-kinds: reachable
   fun:malloc
   fun:xmalloc
   obj:/usr/lib/aarch64-linux-gnu/libreadline.so.8.2
   fun:rl_expand_prompt
   fun:rl_set_prompt
   fun:readline
   fun:minishell
   fun:main
}
==61373== 15 bytes in 1 blocks are still reachable in loss record 11 of 73
==61373==    at 0x48850EC: malloc (vg_replace_malloc.c:431)
==61373==    by 0x49CCDDF: strdup (strdup.c:42)
==61373==    by 0x4B0AB33: _nc_setupterm (in /usr/lib/aarch64-linux-gnu/libtinfo.so.6.5)
==61373==    by 0x4B0AF33: tgetent_sp (in /usr/lib/aarch64-linux-gnu/libtinfo.so.6.5)
==61373==    by 0x48F88FF: _rl_init_terminal_io (in /usr/lib/aarch64-linux-gnu/libreadline.so.8.2)
==61373==    by 0x48E2E87: rl_initialize (in /usr/lib/aarch64-linux-gnu/libreadline.so.8.2)
==61373==    by 0x48E31CF: readline (in /usr/lib/aarch64-linux-gnu/libreadline.so.8.2)
==61373==    by 0x1099BB: minishell (minishell.c:219)
==61373==    by 0x109AEB: main (minishell.c:253)
==61373== 
{
   <insert_a_suppression_name_here>
   Memcheck:Leak
   match-leak-kinds: reachable
   fun:malloc
   fun:strdup
   fun:_nc_setupterm
   fun:tgetent_sp
   fun:_rl_init_terminal_io
   fun:rl_initialize
   fun:readline
   fun:minishell
   fun:main
}
==61373== 16 bytes in 1 blocks are still reachable in loss record 12 of 73
==61373==    at 0x48850EC: malloc (vg_replace_malloc.c:431)
==61373==    by 0x48E2FCB: rl_initialize (in /usr/lib/aarch64-linux-gnu/libreadline.so.8.2)
==61373==    by 0x48E31CF: readline (in /usr/lib/aarch64-linux-gnu/libreadline.so.8.2)
==61373==    by 0x1099BB: minishell (minishell.c:219)
==61373==    by 0x109AEB: main (minishell.c:253)
==61373== 
{
   <insert_a_suppression_name_here>
   Memcheck:Leak
   match-leak-kinds: reachable
   fun:malloc
   fun:rl_initialize
   fun:readline
   fun:minishell
   fun:main
}
==61373== 20 bytes in 1 blocks are still reachable in loss record 13 of 73
==61373==    at 0x48850EC: malloc (vg_replace_malloc.c:431)
==61373==    by 0x48FD4EF: xmalloc (in /usr/lib/aarch64-linux-gnu/libreadline.so.8.2)
==61373==    by 0x48E6647: ??? (in /usr/lib/aarch64-linux-gnu/libreadline.so.8.2)
==61373==    by 0x48E922B: rl_parse_and_bind (in /usr/lib/aarch64-linux-gnu/libreadline.so.8.2)
==61373==    by 0x48E9747: ??? (in /usr/lib/aarch64-linux-gnu/libreadline.so.8.2)
==61373==    by 0x48E30CB: rl_initialize (in /usr/lib/aarch64-linux-gnu/libreadline.so.8.2)
==61373==    by 0x48E31CF: readline (in /usr/lib/aarch64-linux-gnu/libreadline.so.8.2)
==61373==    by 0x1099BB: minishell (minishell.c:219)
==61373==    by 0x109AEB: main (minishell.c:253)
==61373== 
{
   <insert_a_suppression_name_here>
   Memcheck:Leak
   match-leak-kinds: reachable
   fun:malloc
   fun:xmalloc
   obj:/usr/lib/aarch64-linux-gnu/libreadline.so.8.2
   fun:rl_parse_and_bind
   obj:/usr/lib/aarch64-linux-gnu/libreadline.so.8.2
   fun:rl_initialize
   fun:readline
   fun:minishell
   fun:main
}
==61373== 24 bytes in 1 blocks are still reachable in loss record 14 of 73
==61373==    at 0x48850EC: malloc (vg_replace_malloc.c:431)
==61373==    by 0x4A1C5B7: __tsearch (tsearch.c:337)
==61373==    by 0x4A1C5B7: tsearch (tsearch.c:290)
==61373==    by 0x4B03EBF: ??? (in /usr/lib/aarch64-linux-gnu/libtinfo.so.6.5)
==61373==    by 0x4B07FAB: _nc_tiparm (in /usr/lib/aarch64-linux-gnu/libtinfo.so.6.5)
==61373==    by 0x4B0F483: ??? (in /usr/lib/aarch64-linux-gnu/libtinfo.so.6.5)
==61373==    by 0x4B0F50F: _nc_trim_sgr0 (in /usr/lib/aarch64-linux-gnu/libtinfo.so.6.5)
==61373==    by 0x4B0B0F7: tgetent_sp (in /usr/lib/aarch64-linux-gnu/libtinfo.so.6.5)
==61373==    by 0x48F88FF: _rl_init_terminal_io (in /usr/lib/aarch64-linux-gnu/libreadline.so.8.2)
==61373==    by 0x48E2E87: rl_initialize (in /usr/lib/aarch64-linux-gnu/libreadline.so.8.2)
==61373==    by 0x48E31CF: readline (in /usr/lib/aarch64-linux-gnu/libreadline.so.8.2)
==61373==    by 0x1099BB: minishell (minishell.c:219)
==61373==    by 0x109AEB: main (minishell.c:253)
==61373== 
{
   <insert_a_suppression_name_here>
   Memcheck:Leak
   match-leak-kinds: reachable
   fun:malloc
   fun:__tsearch
   fun:tsearch
   obj:/usr/lib/aarch64-linux-gnu/libtinfo.so.6.5
   fun:_nc_tiparm
   obj:/usr/lib/aarch64-linux-gnu/libtinfo.so.6.5
   fun:_nc_trim_sgr0
   fun:tgetent_sp
   fun:_rl_init_terminal_io
   fun:rl_initialize
   fun:readline
   fun:minishell
   fun:main
}
==61373== 26 bytes in 1 blocks are still reachable in loss record 15 of 73
==61373==    at 0x48850EC: malloc (vg_replace_malloc.c:431)
==61373==    by 0x4B010CF: _nc_home_terminfo (in /usr/lib/aarch64-linux-gnu/libtinfo.so.6.5)
==61373==    by 0x4B01617: _nc_first_db (in /usr/lib/aarch64-linux-gnu/libtinfo.so.6.5)
==61373==    by 0x4B0FF67: _nc_read_entry2 (in /usr/lib/aarch64-linux-gnu/libtinfo.so.6.5)
==61373==    by 0x4B0A93F: ??? (in /usr/lib/aarch64-linux-gnu/libtinfo.so.6.5)
==61373==    by 0x4B0AAD7: _nc_setupterm (in /usr/lib/aarch64-linux-gnu/libtinfo.so.6.5)
==61373==    by 0x4B0AF33: tgetent_sp (in /usr/lib/aarch64-linux-gnu/libtinfo.so.6.5)
==61373==    by 0x48F88FF: _rl_init_terminal_io (in /usr/lib/aarch64-linux-gnu/libreadline.so.8.2)
==61373==    by 0x48E2E87: rl_initialize (in /usr/lib/aarch64-linux-gnu/libreadline.so.8.2)
==61373==    by 0x48E31CF: readline (in /usr/lib/aarch64-linux-gnu/libreadline.so.8.2)
==61373==    by 0x1099BB: minishell (minishell.c:219)
==61373==    by 0x109AEB: main (minishell.c:253)
==61373== 
{
   <insert_a_suppression_name_here>
   Memcheck:Leak
   match-leak-kinds: reachable
   fun:malloc
   fun:_nc_home_terminfo
   fun:_nc_first_db
   fun:_nc_read_entry2
   obj:/usr/lib/aarch64-linux-gnu/libtinfo.so.6.5
   fun:_nc_setupterm
   fun:tgetent_sp
   fun:_rl_init_terminal_io
   fun:rl_initialize
   fun:readline
   fun:minishell
   fun:main
}
==61373== 47 bytes in 1 blocks are still reachable in loss record 16 of 73
==61373==    at 0x488A4F0: realloc (vg_replace_malloc.c:1649)
==61373==    by 0x4B001C3: _nc_doalloc (in /usr/lib/aarch64-linux-gnu/libtinfo.so.6.5)
==61373==    by 0x4B0EA23: _nc_read_termtype (in /usr/lib/aarch64-linux-gnu/libtinfo.so.6.5)
==61373==    by 0x4B0FAB7: _nc_read_file_entry (in /usr/lib/aarch64-linux-gnu/libtinfo.so.6.5)
==61373==    by 0x4B0FE2B: ??? (in /usr/lib/aarch64-linux-gnu/libtinfo.so.6.5)
==61373==    by 0x4B0FF7B: _nc_read_entry2 (in /usr/lib/aarch64-linux-gnu/libtinfo.so.6.5)
==61373==    by 0x4B0A93F: ??? (in /usr/lib/aarch64-linux-gnu/libtinfo.so.6.5)
==61373==    by 0x4B0AAD7: _nc_setupterm (in /usr/lib/aarch64-linux-gnu/libtinfo.so.6.5)
==61373==    by 0x4B0AF33: tgetent_sp (in /usr/lib/aarch64-linux-gnu/libtinfo.so.6.5)
==61373==    by 0x48F88FF: _rl_init_terminal_io (in /usr/lib/aarch64-linux-gnu/libreadline.so.8.2)
==61373==    by 0x48E2E87: rl_initialize (in /usr/lib/aarch64-linux-gnu/libreadline.so.8.2)
==61373==    by 0x48E31CF: readline (in /usr/lib/aarch64-linux-gnu/libreadline.so.8.2)
==61373== 
{
   <insert_a_suppression_name_here>
   Memcheck:Leak
   match-leak-kinds: reachable
   fun:realloc
   fun:_nc_doalloc
   fun:_nc_read_termtype
   fun:_nc_read_file_entry
   obj:/usr/lib/aarch64-linux-gnu/libtinfo.so.6.5
   fun:_nc_read_entry2
   obj:/usr/lib/aarch64-linux-gnu/libtinfo.so.6.5
   fun:_nc_setupterm
   fun:tgetent_sp
   fun:_rl_init_terminal_io
   fun:rl_initialize
   fun:readline
}
==61373== 47 bytes in 1 blocks are still reachable in loss record 17 of 73
==61373==    at 0x48850EC: malloc (vg_replace_malloc.c:431)
==61373==    by 0x4AFF87F: ??? (in /usr/lib/aarch64-linux-gnu/libtinfo.so.6.5)
==61373==    by 0x4B0AB07: _nc_setupterm (in /usr/lib/aarch64-linux-gnu/libtinfo.so.6.5)
==61373==    by 0x4B0AF33: tgetent_sp (in /usr/lib/aarch64-linux-gnu/libtinfo.so.6.5)
==61373==    by 0x48F88FF: _rl_init_terminal_io (in /usr/lib/aarch64-linux-gnu/libreadline.so.8.2)
==61373==    by 0x48E2E87: rl_initialize (in /usr/lib/aarch64-linux-gnu/libreadline.so.8.2)
==61373==    by 0x48E31CF: readline (in /usr/lib/aarch64-linux-gnu/libreadline.so.8.2)
==61373==    by 0x1099BB: minishell (minishell.c:219)
==61373==    by 0x109AEB: main (minishell.c:253)
==61373== 
{
   <insert_a_suppression_name_here>
   Memcheck:Leak
   match-leak-kinds: reachable
   fun:malloc
   obj:/usr/lib/aarch64-linux-gnu/libtinfo.so.6.5
   fun:_nc_setupterm
   fun:tgetent_sp
   fun:_rl_init_terminal_io
   fun:rl_initialize
   fun:readline
   fun:minishell
   fun:main
}
==61373== 48 bytes in 1 blocks are still reachable in loss record 18 of 73
==61373==    at 0x488A2D0: calloc (vg_replace_malloc.c:1554)
==61373==    by 0x4B012A3: _nc_first_db (in /usr/lib/aarch64-linux-gnu/libtinfo.so.6.5)
==61373==    by 0x4B0FF67: _nc_read_entry2 (in /usr/lib/aarch64-linux-gnu/libtinfo.so.6.5)
==61373==    by 0x4B0A93F: ??? (in /usr/lib/aarch64-linux-gnu/libtinfo.so.6.5)
==61373==    by 0x4B0AAD7: _nc_setupterm (in /usr/lib/aarch64-linux-gnu/libtinfo.so.6.5)
==61373==    by 0x4B0AF33: tgetent_sp (in /usr/lib/aarch64-linux-gnu/libtinfo.so.6.5)
==61373==    by 0x48F88FF: _rl_init_terminal_io (in /usr/lib/aarch64-linux-gnu/libreadline.so.8.2)
==61373==    by 0x48E2E87: rl_initialize (in /usr/lib/aarch64-linux-gnu/libreadline.so.8.2)
==61373==    by 0x48E31CF: readline (in /usr/lib/aarch64-linux-gnu/libreadline.so.8.2)
==61373==    by 0x1099BB: minishell (minishell.c:219)
==61373==    by 0x109AEB: main (minishell.c:253)
==61373== 
{
   <insert_a_suppression_name_here>
   Memcheck:Leak
   match-leak-kinds: reachable
   fun:calloc
   fun:_nc_first_db
   fun:_nc_read_entry2
   obj:/usr/lib/aarch64-linux-gnu/libtinfo.so.6.5
   fun:_nc_setupterm
   fun:tgetent_sp
   fun:_rl_init_terminal_io
   fun:rl_initialize
   fun:readline
   fun:minishell
   fun:main
}
==61373== 78 bytes in 1 blocks are still reachable in loss record 19 of 73
==61373==    at 0x48850EC: malloc (vg_replace_malloc.c:431)
==61373==    by 0x4AFF95F: ??? (in /usr/lib/aarch64-linux-gnu/libtinfo.so.6.5)
==61373==    by 0x4B0AB07: _nc_setupterm (in /usr/lib/aarch64-linux-gnu/libtinfo.so.6.5)
==61373==    by 0x4B0AF33: tgetent_sp (in /usr/lib/aarch64-linux-gnu/libtinfo.so.6.5)
==61373==    by 0x48F88FF: _rl_init_terminal_io (in /usr/lib/aarch64-linux-gnu/libreadline.so.8.2)
==61373==    by 0x48E2E87: rl_initialize (in /usr/lib/aarch64-linux-gnu/libreadline.so.8.2)
==61373==    by 0x48E31CF: readline (in /usr/lib/aarch64-linux-gnu/libreadline.so.8.2)
==61373==    by 0x1099BB: minishell (minishell.c:219)
==61373==    by 0x109AEB: main (minishell.c:253)
==61373== 
{
   <insert_a_suppression_name_here>
   Memcheck:Leak
   match-leak-kinds: reachable
   fun:malloc
   obj:/usr/lib/aarch64-linux-gnu/libtinfo.so.6.5
   fun:_nc_setupterm
   fun:tgetent_sp
   fun:_rl_init_terminal_io
   fun:rl_initialize
   fun:readline
   fun:minishell
   fun:main
}
==61373== 93 bytes in 1 blocks are still reachable in loss record 20 of 73
==61373==    at 0x48850EC: malloc (vg_replace_malloc.c:431)
==61373==    by 0x49CCDDF: strdup (strdup.c:42)
==61373==    by 0x4B03EA7: ??? (in /usr/lib/aarch64-linux-gnu/libtinfo.so.6.5)
==61373==    by 0x4B07FAB: _nc_tiparm (in /usr/lib/aarch64-linux-gnu/libtinfo.so.6.5)
==61373==    by 0x4B0F483: ??? (in /usr/lib/aarch64-linux-gnu/libtinfo.so.6.5)
==61373==    by 0x4B0F50F: _nc_trim_sgr0 (in /usr/lib/aarch64-linux-gnu/libtinfo.so.6.5)
==61373==    by 0x4B0B0F7: tgetent_sp (in /usr/lib/aarch64-linux-gnu/libtinfo.so.6.5)
==61373==    by 0x48F88FF: _rl_init_terminal_io (in /usr/lib/aarch64-linux-gnu/libreadline.so.8.2)
==61373==    by 0x48E2E87: rl_initialize (in /usr/lib/aarch64-linux-gnu/libreadline.so.8.2)
==61373==    by 0x48E31CF: readline (in /usr/lib/aarch64-linux-gnu/libreadline.so.8.2)
==61373==    by 0x1099BB: minishell (minishell.c:219)
==61373==    by 0x109AEB: main (minishell.c:253)
==61373== 
{
   <insert_a_suppression_name_here>
   Memcheck:Leak
   match-leak-kinds: reachable
   fun:malloc
   fun:strdup
   obj:/usr/lib/aarch64-linux-gnu/libtinfo.so.6.5
   fun:_nc_tiparm
   obj:/usr/lib/aarch64-linux-gnu/libtinfo.so.6.5
   fun:_nc_trim_sgr0
   fun:tgetent_sp
   fun:_rl_init_terminal_io
   fun:rl_initialize
   fun:readline
   fun:minishell
   fun:main
}
==61373== 94 bytes in 1 blocks are still reachable in loss record 21 of 73
==61373==    at 0x48850EC: malloc (vg_replace_malloc.c:431)
==61373==    by 0x4B03AA3: _nc_tparm_analyze (in /usr/lib/aarch64-linux-gnu/libtinfo.so.6.5)
==61373==    by 0x4B03DEF: ??? (in /usr/lib/aarch64-linux-gnu/libtinfo.so.6.5)
==61373==    by 0x4B07FAB: _nc_tiparm (in /usr/lib/aarch64-linux-gnu/libtinfo.so.6.5)
==61373==    by 0x4B0F483: ??? (in /usr/lib/aarch64-linux-gnu/libtinfo.so.6.5)
==61373==    by 0x4B0F50F: _nc_trim_sgr0 (in /usr/lib/aarch64-linux-gnu/libtinfo.so.6.5)
==61373==    by 0x4B0B0F7: tgetent_sp (in /usr/lib/aarch64-linux-gnu/libtinfo.so.6.5)
==61373==    by 0x48F88FF: _rl_init_terminal_io (in /usr/lib/aarch64-linux-gnu/libreadline.so.8.2)
==61373==    by 0x48E2E87: rl_initialize (in /usr/lib/aarch64-linux-gnu/libreadline.so.8.2)
==61373==    by 0x48E31CF: readline (in /usr/lib/aarch64-linux-gnu/libreadline.so.8.2)
==61373==    by 0x1099BB: minishell (minishell.c:219)
==61373==    by 0x109AEB: main (minishell.c:253)
==61373== 
{
   <insert_a_suppression_name_here>
   Memcheck:Leak
   match-leak-kinds: reachable
   fun:malloc
   fun:_nc_tparm_analyze
   obj:/usr/lib/aarch64-linux-gnu/libtinfo.so.6.5
   fun:_nc_tiparm
   obj:/usr/lib/aarch64-linux-gnu/libtinfo.so.6.5
   fun:_nc_trim_sgr0
   fun:tgetent_sp
   fun:_rl_init_terminal_io
   fun:rl_initialize
   fun:readline
   fun:minishell
   fun:main
}
==61373== 95 bytes in 1 blocks are still reachable in loss record 22 of 73
==61373==    at 0x48850EC: malloc (vg_replace_malloc.c:431)
==61373==    by 0x4B01213: _nc_first_db (in /usr/lib/aarch64-linux-gnu/libtinfo.so.6.5)
==61373==    by 0x4B0FF67: _nc_read_entry2 (in /usr/lib/aarch64-linux-gnu/libtinfo.so.6.5)
==61373==    by 0x4B0A93F: ??? (in /usr/lib/aarch64-linux-gnu/libtinfo.so.6.5)
==61373==    by 0x4B0AAD7: _nc_setupterm (in /usr/lib/aarch64-linux-gnu/libtinfo.so.6.5)
==61373==    by 0x4B0AF33: tgetent_sp (in /usr/lib/aarch64-linux-gnu/libtinfo.so.6.5)
==61373==    by 0x48F88FF: _rl_init_terminal_io (in /usr/lib/aarch64-linux-gnu/libreadline.so.8.2)
==61373==    by 0x48E2E87: rl_initialize (in /usr/lib/aarch64-linux-gnu/libreadline.so.8.2)
==61373==    by 0x48E31CF: readline (in /usr/lib/aarch64-linux-gnu/libreadline.so.8.2)
==61373==    by 0x1099BB: minishell (minishell.c:219)
==61373==    by 0x109AEB: main (minishell.c:253)
==61373== 
{
   <insert_a_suppression_name_here>
   Memcheck:Leak
   match-leak-kinds: reachable
   fun:malloc
   fun:_nc_first_db
   fun:_nc_read_entry2
   obj:/usr/lib/aarch64-linux-gnu/libtinfo.so.6.5
   fun:_nc_setupterm
   fun:tgetent_sp
   fun:_rl_init_terminal_io
   fun:rl_initialize
   fun:readline
   fun:minishell
   fun:main
}
==61373== 156 bytes in 1 blocks are still reachable in loss record 23 of 73
==61373==    at 0x488A4F0: realloc (vg_replace_malloc.c:1649)
==61373==    by 0x4B001C3: _nc_doalloc (in /usr/lib/aarch64-linux-gnu/libtinfo.so.6.5)
==61373==    by 0x4B0EA3B: _nc_read_termtype (in /usr/lib/aarch64-linux-gnu/libtinfo.so.6.5)
==61373==    by 0x4B0FAB7: _nc_read_file_entry (in /usr/lib/aarch64-linux-gnu/libtinfo.so.6.5)
==61373==    by 0x4B0FE2B: ??? (in /usr/lib/aarch64-linux-gnu/libtinfo.so.6.5)
==61373==    by 0x4B0FF7B: _nc_read_entry2 (in /usr/lib/aarch64-linux-gnu/libtinfo.so.6.5)
==61373==    by 0x4B0A93F: ??? (in /usr/lib/aarch64-linux-gnu/libtinfo.so.6.5)
==61373==    by 0x4B0AAD7: _nc_setupterm (in /usr/lib/aarch64-linux-gnu/libtinfo.so.6.5)
==61373==    by 0x4B0AF33: tgetent_sp (in /usr/lib/aarch64-linux-gnu/libtinfo.so.6.5)
==61373==    by 0x48F88FF: _rl_init_terminal_io (in /usr/lib/aarch64-linux-gnu/libreadline.so.8.2)
==61373==    by 0x48E2E87: rl_initialize (in /usr/lib/aarch64-linux-gnu/libreadline.so.8.2)
==61373==    by 0x48E31CF: readline (in /usr/lib/aarch64-linux-gnu/libreadline.so.8.2)
==61373== 
{
   <insert_a_suppression_name_here>
   Memcheck:Leak
   match-leak-kinds: reachable
   fun:realloc
   fun:_nc_doalloc
   fun:_nc_read_termtype
   fun:_nc_read_file_entry
   obj:/usr/lib/aarch64-linux-gnu/libtinfo.so.6.5
   fun:_nc_read_entry2
   obj:/usr/lib/aarch64-linux-gnu/libtinfo.so.6.5
   fun:_nc_setupterm
   fun:tgetent_sp
   fun:_rl_init_terminal_io
   fun:rl_initialize
   fun:readline
}
==61373== 168 bytes in 1 blocks are still reachable in loss record 24 of 73
==61373==    at 0x488A2D0: calloc (vg_replace_malloc.c:1554)
==61373==    by 0x4B03E67: ??? (in /usr/lib/aarch64-linux-gnu/libtinfo.so.6.5)
==61373==    by 0x4B07FAB: _nc_tiparm (in /usr/lib/aarch64-linux-gnu/libtinfo.so.6.5)
==61373==    by 0x4B0F483: ??? (in /usr/lib/aarch64-linux-gnu/libtinfo.so.6.5)
==61373==    by 0x4B0F50F: _nc_trim_sgr0 (in /usr/lib/aarch64-linux-gnu/libtinfo.so.6.5)
==61373==    by 0x4B0B0F7: tgetent_sp (in /usr/lib/aarch64-linux-gnu/libtinfo.so.6.5)
==61373==    by 0x48F88FF: _rl_init_terminal_io (in /usr/lib/aarch64-linux-gnu/libreadline.so.8.2)
==61373==    by 0x48E2E87: rl_initialize (in /usr/lib/aarch64-linux-gnu/libreadline.so.8.2)
==61373==    by 0x48E31CF: readline (in /usr/lib/aarch64-linux-gnu/libreadline.so.8.2)
==61373==    by 0x1099BB: minishell (minishell.c:219)
==61373==    by 0x109AEB: main (minishell.c:253)
==61373== 
{
   <insert_a_suppression_name_here>
   Memcheck:Leak
   match-leak-kinds: reachable
   fun:calloc
   obj:/usr/lib/aarch64-linux-gnu/libtinfo.so.6.5
   fun:_nc_tiparm
   obj:/usr/lib/aarch64-linux-gnu/libtinfo.so.6.5
   fun:_nc_trim_sgr0
   fun:tgetent_sp
   fun:_rl_init_terminal_io
   fun:rl_initialize
   fun:readline
   fun:minishell
   fun:main
}
==61373== 256 bytes in 1 blocks are still reachable in loss record 25 of 73
==61373==    at 0x48850EC: malloc (vg_replace_malloc.c:431)
==61373==    by 0x48FD4EF: xmalloc (in /usr/lib/aarch64-linux-gnu/libreadline.so.8.2)
==61373==    by 0x48E3177: rl_initialize (in /usr/lib/aarch64-linux-gnu/libreadline.so.8.2)
==61373==    by 0x48E31CF: readline (in /usr/lib/aarch64-linux-gnu/libreadline.so.8.2)
==61373==    by 0x1099BB: minishell (minishell.c:219)
==61373==    by 0x109AEB: main (minishell.c:253)
==61373== 
{
   <insert_a_suppression_name_here>
   Memcheck:Leak
   match-leak-kinds: reachable
   fun:malloc
   fun:xmalloc
   fun:rl_initialize
   fun:readline
   fun:minishell
   fun:main
}
==61373== 712 bytes in 1 blocks are still reachable in loss record 26 of 73
==61373==    at 0x488A2D0: calloc (vg_replace_malloc.c:1554)
==61373==    by 0x4B0EBE3: _nc_read_termtype (in /usr/lib/aarch64-linux-gnu/libtinfo.so.6.5)
==61373==    by 0x4B0FAB7: _nc_read_file_entry (in /usr/lib/aarch64-linux-gnu/libtinfo.so.6.5)
==61373==    by 0x4B0FE2B: ??? (in /usr/lib/aarch64-linux-gnu/libtinfo.so.6.5)
==61373==    by 0x4B0FF7B: _nc_read_entry2 (in /usr/lib/aarch64-linux-gnu/libtinfo.so.6.5)
==61373==    by 0x4B0A93F: ??? (in /usr/lib/aarch64-linux-gnu/libtinfo.so.6.5)
==61373==    by 0x4B0AAD7: _nc_setupterm (in /usr/lib/aarch64-linux-gnu/libtinfo.so.6.5)
==61373==    by 0x4B0AF33: tgetent_sp (in /usr/lib/aarch64-linux-gnu/libtinfo.so.6.5)
==61373==    by 0x48F88FF: _rl_init_terminal_io (in /usr/lib/aarch64-linux-gnu/libreadline.so.8.2)
==61373==    by 0x48E2E87: rl_initialize (in /usr/lib/aarch64-linux-gnu/libreadline.so.8.2)
==61373==    by 0x48E31CF: readline (in /usr/lib/aarch64-linux-gnu/libreadline.so.8.2)
==61373==    by 0x1099BB: minishell (minishell.c:219)
==61373== 
{
   <insert_a_suppression_name_here>
   Memcheck:Leak
   match-leak-kinds: reachable
   fun:calloc
   fun:_nc_read_termtype
   fun:_nc_read_file_entry
   obj:/usr/lib/aarch64-linux-gnu/libtinfo.so.6.5
   fun:_nc_read_entry2
   obj:/usr/lib/aarch64-linux-gnu/libtinfo.so.6.5
   fun:_nc_setupterm
   fun:tgetent_sp
   fun:_rl_init_terminal_io
   fun:rl_initialize
   fun:readline
   fun:minishell
}
==61373== 712 bytes in 1 blocks are still reachable in loss record 27 of 73
==61373==    at 0x48850EC: malloc (vg_replace_malloc.c:431)
==61373==    by 0x4AFFA37: ??? (in /usr/lib/aarch64-linux-gnu/libtinfo.so.6.5)
==61373==    by 0x4B0AB07: _nc_setupterm (in /usr/lib/aarch64-linux-gnu/libtinfo.so.6.5)
==61373==    by 0x4B0AF33: tgetent_sp (in /usr/lib/aarch64-linux-gnu/libtinfo.so.6.5)
==61373==    by 0x48F88FF: _rl_init_terminal_io (in /usr/lib/aarch64-linux-gnu/libreadline.so.8.2)
==61373==    by 0x48E2E87: rl_initialize (in /usr/lib/aarch64-linux-gnu/libreadline.so.8.2)
==61373==    by 0x48E31CF: readline (in /usr/lib/aarch64-linux-gnu/libreadline.so.8.2)
==61373==    by 0x1099BB: minishell (minishell.c:219)
==61373==    by 0x109AEB: main (minishell.c:253)
==61373== 
{
   <insert_a_suppression_name_here>
   Memcheck:Leak
   match-leak-kinds: reachable
   fun:malloc
   obj:/usr/lib/aarch64-linux-gnu/libtinfo.so.6.5
   fun:_nc_setupterm
   fun:tgetent_sp
   fun:_rl_init_terminal_io
   fun:rl_initialize
   fun:readline
   fun:minishell
   fun:main
}
==61373== 760 bytes in 1 blocks are still reachable in loss record 28 of 73
==61373==    at 0x488A2D0: calloc (vg_replace_malloc.c:1554)
==61373==    by 0x4B0AA8B: _nc_setupterm (in /usr/lib/aarch64-linux-gnu/libtinfo.so.6.5)
==61373==    by 0x4B0AF33: tgetent_sp (in /usr/lib/aarch64-linux-gnu/libtinfo.so.6.5)
==61373==    by 0x48F88FF: _rl_init_terminal_io (in /usr/lib/aarch64-linux-gnu/libreadline.so.8.2)
==61373==    by 0x48E2E87: rl_initialize (in /usr/lib/aarch64-linux-gnu/libreadline.so.8.2)
==61373==    by 0x48E31CF: readline (in /usr/lib/aarch64-linux-gnu/libreadline.so.8.2)
==61373==    by 0x1099BB: minishell (minishell.c:219)
==61373==    by 0x109AEB: main (minishell.c:253)
==61373== 
{
   <insert_a_suppression_name_here>
   Memcheck:Leak
   match-leak-kinds: reachable
   fun:calloc
   fun:_nc_setupterm
   fun:tgetent_sp
   fun:_rl_init_terminal_io
   fun:rl_initialize
   fun:readline
   fun:minishell
   fun:main
}
==61373== 1,024 bytes in 1 blocks are still reachable in loss record 29 of 73
==61373==    at 0x48850EC: malloc (vg_replace_malloc.c:431)
==61373==    by 0x48FE08F: xrealloc (in /usr/lib/aarch64-linux-gnu/libreadline.so.8.2)
==61373==    by 0x48E544B: ??? (in /usr/lib/aarch64-linux-gnu/libreadline.so.8.2)
==61373==    by 0x48E5597: ??? (in /usr/lib/aarch64-linux-gnu/libreadline.so.8.2)
==61373==    by 0x48EEBF7: rl_redisplay (in /usr/lib/aarch64-linux-gnu/libreadline.so.8.2)
==61373==    by 0x48D7DA3: readline_internal_setup (in /usr/lib/aarch64-linux-gnu/libreadline.so.8.2)
==61373==    by 0x48E31FF: readline (in /usr/lib/aarch64-linux-gnu/libreadline.so.8.2)
==61373==    by 0x1099BB: minishell (minishell.c:219)
==61373==    by 0x109AEB: main (minishell.c:253)
==61373== 
{
   <insert_a_suppression_name_here>
   Memcheck:Leak
   match-leak-kinds: reachable
   fun:malloc
   fun:xrealloc
   obj:/usr/lib/aarch64-linux-gnu/libreadline.so.8.2
   obj:/usr/lib/aarch64-linux-gnu/libreadline.so.8.2
   fun:rl_redisplay
   fun:readline_internal_setup
   fun:readline
   fun:minishell
   fun:main
}
==61373== 1,024 bytes in 1 blocks are still reachable in loss record 30 of 73
==61373==    at 0x48850EC: malloc (vg_replace_malloc.c:431)
==61373==    by 0x48FE08F: xrealloc (in /usr/lib/aarch64-linux-gnu/libreadline.so.8.2)
==61373==    by 0x48E545F: ??? (in /usr/lib/aarch64-linux-gnu/libreadline.so.8.2)
==61373==    by 0x48E5597: ??? (in /usr/lib/aarch64-linux-gnu/libreadline.so.8.2)
==61373==    by 0x48EEBF7: rl_redisplay (in /usr/lib/aarch64-linux-gnu/libreadline.so.8.2)
==61373==    by 0x48D7DA3: readline_internal_setup (in /usr/lib/aarch64-linux-gnu/libreadline.so.8.2)
==61373==    by 0x48E31FF: readline (in /usr/lib/aarch64-linux-gnu/libreadline.so.8.2)
==61373==    by 0x1099BB: minishell (minishell.c:219)
==61373==    by 0x109AEB: main (minishell.c:253)
==61373== 
{
   <insert_a_suppression_name_here>
   Memcheck:Leak
   match-leak-kinds: reachable
   fun:malloc
   fun:xrealloc
   obj:/usr/lib/aarch64-linux-gnu/libreadline.so.8.2
   obj:/usr/lib/aarch64-linux-gnu/libreadline.so.8.2
   fun:rl_redisplay
   fun:readline_internal_setup
   fun:readline
   fun:minishell
   fun:main
}
==61373== 1,024 bytes in 1 blocks are still reachable in loss record 31 of 73
==61373==    at 0x48850EC: malloc (vg_replace_malloc.c:431)
==61373==    by 0x48FE08F: xrealloc (in /usr/lib/aarch64-linux-gnu/libreadline.so.8.2)
==61373==    by 0x48E5473: ??? (in /usr/lib/aarch64-linux-gnu/libreadline.so.8.2)
==61373==    by 0x48E5597: ??? (in /usr/lib/aarch64-linux-gnu/libreadline.so.8.2)
==61373==    by 0x48EEBF7: rl_redisplay (in /usr/lib/aarch64-linux-gnu/libreadline.so.8.2)
==61373==    by 0x48D7DA3: readline_internal_setup (in /usr/lib/aarch64-linux-gnu/libreadline.so.8.2)
==61373==    by 0x48E31FF: readline (in /usr/lib/aarch64-linux-gnu/libreadline.so.8.2)
==61373==    by 0x1099BB: minishell (minishell.c:219)
==61373==    by 0x109AEB: main (minishell.c:253)
==61373== 
{
   <insert_a_suppression_name_here>
   Memcheck:Leak
   match-leak-kinds: reachable
   fun:malloc
   fun:xrealloc
   obj:/usr/lib/aarch64-linux-gnu/libreadline.so.8.2
   obj:/usr/lib/aarch64-linux-gnu/libreadline.so.8.2
   fun:rl_redisplay
   fun:readline_internal_setup
   fun:readline
   fun:minishell
   fun:main
}
==61373== 1,024 bytes in 1 blocks are still reachable in loss record 32 of 73
==61373==    at 0x48850EC: malloc (vg_replace_malloc.c:431)
==61373==    by 0x48FE08F: xrealloc (in /usr/lib/aarch64-linux-gnu/libreadline.so.8.2)
==61373==    by 0x48E548F: ??? (in /usr/lib/aarch64-linux-gnu/libreadline.so.8.2)
==61373==    by 0x48E5597: ??? (in /usr/lib/aarch64-linux-gnu/libreadline.so.8.2)
==61373==    by 0x48EEBF7: rl_redisplay (in /usr/lib/aarch64-linux-gnu/libreadline.so.8.2)
==61373==    by 0x48D7DA3: readline_internal_setup (in /usr/lib/aarch64-linux-gnu/libreadline.so.8.2)
==61373==    by 0x48E31FF: readline (in /usr/lib/aarch64-linux-gnu/libreadline.so.8.2)
==61373==    by 0x1099BB: minishell (minishell.c:219)
==61373==    by 0x109AEB: main (minishell.c:253)
==61373== 
{
   <insert_a_suppression_name_here>
   Memcheck:Leak
   match-leak-kinds: reachable
   fun:malloc
   fun:xrealloc
   obj:/usr/lib/aarch64-linux-gnu/libreadline.so.8.2
   obj:/usr/lib/aarch64-linux-gnu/libreadline.so.8.2
   fun:rl_redisplay
   fun:readline_internal_setup
   fun:readline
   fun:minishell
   fun:main
}
==61373== 1,024 bytes in 1 blocks are still reachable in loss record 33 of 73
==61373==    at 0x48850EC: malloc (vg_replace_malloc.c:431)
==61373==    by 0x48FD4EF: xmalloc (in /usr/lib/aarch64-linux-gnu/libreadline.so.8.2)
==61373==    by 0x48E55C3: ??? (in /usr/lib/aarch64-linux-gnu/libreadline.so.8.2)
==61373==    by 0x48EEBF7: rl_redisplay (in /usr/lib/aarch64-linux-gnu/libreadline.so.8.2)
==61373==    by 0x48D7DA3: readline_internal_setup (in /usr/lib/aarch64-linux-gnu/libreadline.so.8.2)
==61373==    by 0x48E31FF: readline (in /usr/lib/aarch64-linux-gnu/libreadline.so.8.2)
==61373==    by 0x1099BB: minishell (minishell.c:219)
==61373==    by 0x109AEB: main (minishell.c:253)
==61373== 
{
   <insert_a_suppression_name_here>
   Memcheck:Leak
   match-leak-kinds: reachable
   fun:malloc
   fun:xmalloc
   obj:/usr/lib/aarch64-linux-gnu/libreadline.so.8.2
   fun:rl_redisplay
   fun:readline_internal_setup
   fun:readline
   fun:minishell
   fun:main
}
==61373== 1,024 bytes in 1 blocks are still reachable in loss record 34 of 73
==61373==    at 0x48850EC: malloc (vg_replace_malloc.c:431)
==61373==    by 0x48FD4EF: xmalloc (in /usr/lib/aarch64-linux-gnu/libreadline.so.8.2)
==61373==    by 0x48E55D3: ??? (in /usr/lib/aarch64-linux-gnu/libreadline.so.8.2)
==61373==    by 0x48EEBF7: rl_redisplay (in /usr/lib/aarch64-linux-gnu/libreadline.so.8.2)
==61373==    by 0x48D7DA3: readline_internal_setup (in /usr/lib/aarch64-linux-gnu/libreadline.so.8.2)
==61373==    by 0x48E31FF: readline (in /usr/lib/aarch64-linux-gnu/libreadline.so.8.2)
==61373==    by 0x1099BB: minishell (minishell.c:219)
==61373==    by 0x109AEB: main (minishell.c:253)
==61373== 
{
   <insert_a_suppression_name_here>
   Memcheck:Leak
   match-leak-kinds: reachable
   fun:malloc
   fun:xmalloc
   obj:/usr/lib/aarch64-linux-gnu/libreadline.so.8.2
   fun:rl_redisplay
   fun:readline_internal_setup
   fun:readline
   fun:minishell
   fun:main
}
==61373== 1,024 bytes in 1 blocks are still reachable in loss record 35 of 73
==61373==    at 0x48850EC: malloc (vg_replace_malloc.c:431)
==61373==    by 0x48FD4EF: xmalloc (in /usr/lib/aarch64-linux-gnu/libreadline.so.8.2)
==61373==    by 0x48E55DF: ??? (in /usr/lib/aarch64-linux-gnu/libreadline.so.8.2)
==61373==    by 0x48EEBF7: rl_redisplay (in /usr/lib/aarch64-linux-gnu/libreadline.so.8.2)
==61373==    by 0x48D7DA3: readline_internal_setup (in /usr/lib/aarch64-linux-gnu/libreadline.so.8.2)
==61373==    by 0x48E31FF: readline (in /usr/lib/aarch64-linux-gnu/libreadline.so.8.2)
==61373==    by 0x1099BB: minishell (minishell.c:219)
==61373==    by 0x109AEB: main (minishell.c:253)
==61373== 
{
   <insert_a_suppression_name_here>
   Memcheck:Leak
   match-leak-kinds: reachable
   fun:malloc
   fun:xmalloc
   obj:/usr/lib/aarch64-linux-gnu/libreadline.so.8.2
   fun:rl_redisplay
   fun:readline_internal_setup
   fun:readline
   fun:minishell
   fun:main
}
==61373== 1,024 bytes in 1 blocks are still reachable in loss record 36 of 73
==61373==    at 0x48850EC: malloc (vg_replace_malloc.c:431)
==61373==    by 0x48FD4EF: xmalloc (in /usr/lib/aarch64-linux-gnu/libreadline.so.8.2)
==61373==    by 0x48E55EB: ??? (in /usr/lib/aarch64-linux-gnu/libreadline.so.8.2)
==61373==    by 0x48EEBF7: rl_redisplay (in /usr/lib/aarch64-linux-gnu/libreadline.so.8.2)
==61373==    by 0x48D7DA3: readline_internal_setup (in /usr/lib/aarch64-linux-gnu/libreadline.so.8.2)
==61373==    by 0x48E31FF: readline (in /usr/lib/aarch64-linux-gnu/libreadline.so.8.2)
==61373==    by 0x1099BB: minishell (minishell.c:219)
==61373==    by 0x109AEB: main (minishell.c:253)
==61373== 
{
   <insert_a_suppression_name_here>
   Memcheck:Leak
   match-leak-kinds: reachable
   fun:malloc
   fun:xmalloc
   obj:/usr/lib/aarch64-linux-gnu/libreadline.so.8.2
   fun:rl_redisplay
   fun:readline_internal_setup
   fun:readline
   fun:minishell
   fun:main
}
==61373== 1,107 bytes in 1 blocks are still reachable in loss record 37 of 73
==61373==    at 0x48850EC: malloc (vg_replace_malloc.c:431)
==61373==    by 0x4B0EB1B: _nc_read_termtype (in /usr/lib/aarch64-linux-gnu/libtinfo.so.6.5)
==61373==    by 0x4B0FAB7: _nc_read_file_entry (in /usr/lib/aarch64-linux-gnu/libtinfo.so.6.5)
==61373==    by 0x4B0FE2B: ??? (in /usr/lib/aarch64-linux-gnu/libtinfo.so.6.5)
==61373==    by 0x4B0FF7B: _nc_read_entry2 (in /usr/lib/aarch64-linux-gnu/libtinfo.so.6.5)
==61373==    by 0x4B0A93F: ??? (in /usr/lib/aarch64-linux-gnu/libtinfo.so.6.5)
==61373==    by 0x4B0AAD7: _nc_setupterm (in /usr/lib/aarch64-linux-gnu/libtinfo.so.6.5)
==61373==    by 0x4B0AF33: tgetent_sp (in /usr/lib/aarch64-linux-gnu/libtinfo.so.6.5)
==61373==    by 0x48F88FF: _rl_init_terminal_io (in /usr/lib/aarch64-linux-gnu/libreadline.so.8.2)
==61373==    by 0x48E2E87: rl_initialize (in /usr/lib/aarch64-linux-gnu/libreadline.so.8.2)
==61373==    by 0x48E31CF: readline (in /usr/lib/aarch64-linux-gnu/libreadline.so.8.2)
==61373==    by 0x1099BB: minishell (minishell.c:219)
==61373== 
{
   <insert_a_suppression_name_here>
   Memcheck:Leak
   match-leak-kinds: reachable
   fun:malloc
   fun:_nc_read_termtype
   fun:_nc_read_file_entry
   obj:/usr/lib/aarch64-linux-gnu/libtinfo.so.6.5
   fun:_nc_read_entry2
   obj:/usr/lib/aarch64-linux-gnu/libtinfo.so.6.5
   fun:_nc_setupterm
   fun:tgetent_sp
   fun:_rl_init_terminal_io
   fun:rl_initialize
   fun:readline
   fun:minishell
}
==61373== 1,108 bytes in 1 blocks are still reachable in loss record 38 of 73
==61373==    at 0x488A2D0: calloc (vg_replace_malloc.c:1554)
==61373==    by 0x4AFFBAB: ??? (in /usr/lib/aarch64-linux-gnu/libtinfo.so.6.5)
==61373==    by 0x4B0AB07: _nc_setupterm (in /usr/lib/aarch64-linux-gnu/libtinfo.so.6.5)
==61373==    by 0x4B0AF33: tgetent_sp (in /usr/lib/aarch64-linux-gnu/libtinfo.so.6.5)
==61373==    by 0x48F88FF: _rl_init_terminal_io (in /usr/lib/aarch64-linux-gnu/libreadline.so.8.2)
==61373==    by 0x48E2E87: rl_initialize (in /usr/lib/aarch64-linux-gnu/libreadline.so.8.2)
==61373==    by 0x48E31CF: readline (in /usr/lib/aarch64-linux-gnu/libreadline.so.8.2)
==61373==    by 0x1099BB: minishell (minishell.c:219)
==61373==    by 0x109AEB: main (minishell.c:253)
==61373== 
{
   <insert_a_suppression_name_here>
   Memcheck:Leak
   match-leak-kinds: reachable
   fun:calloc
   obj:/usr/lib/aarch64-linux-gnu/libtinfo.so.6.5
   fun:_nc_setupterm
   fun:tgetent_sp
   fun:_rl_init_terminal_io
   fun:rl_initialize
   fun:readline
   fun:minishell
   fun:main
}
==61373== 1,536 bytes in 1 blocks are still reachable in loss record 39 of 73
==61373==    at 0x488A4F0: realloc (vg_replace_malloc.c:1649)
==61373==    by 0x48FE077: xrealloc (in /usr/lib/aarch64-linux-gnu/libreadline.so.8.2)
==61373==    by 0x48D81A7: rl_add_funmap_entry (in /usr/lib/aarch64-linux-gnu/libreadline.so.8.2)
==61373==    by 0x48D820B: rl_initialize_funmap (in /usr/lib/aarch64-linux-gnu/libreadline.so.8.2)
==61373==    by 0x48E30BF: rl_initialize (in /usr/lib/aarch64-linux-gnu/libreadline.so.8.2)
==61373==    by 0x48E31CF: readline (in /usr/lib/aarch64-linux-gnu/libreadline.so.8.2)
==61373==    by 0x1099BB: minishell (minishell.c:219)
==61373==    by 0x109AEB: main (minishell.c:253)
==61373== 
{
   <insert_a_suppression_name_here>
   Memcheck:Leak
   match-leak-kinds: reachable
   fun:realloc
   fun:xrealloc
   fun:rl_add_funmap_entry
   fun:rl_initialize_funmap
   fun:rl_initialize
   fun:readline
   fun:minishell
   fun:main
}
==61373== 1,664 bytes in 1 blocks are still reachable in loss record 40 of 73
==61373==    at 0x48850EC: malloc (vg_replace_malloc.c:431)
==61373==    by 0x4B0E473: _nc_read_termtype (in /usr/lib/aarch64-linux-gnu/libtinfo.so.6.5)
==61373==    by 0x4B0FAB7: _nc_read_file_entry (in /usr/lib/aarch64-linux-gnu/libtinfo.so.6.5)
==61373==    by 0x4B0FE2B: ??? (in /usr/lib/aarch64-linux-gnu/libtinfo.so.6.5)
==61373==    by 0x4B0FF7B: _nc_read_entry2 (in /usr/lib/aarch64-linux-gnu/libtinfo.so.6.5)
==61373==    by 0x4B0A93F: ??? (in /usr/lib/aarch64-linux-gnu/libtinfo.so.6.5)
==61373==    by 0x4B0AAD7: _nc_setupterm (in /usr/lib/aarch64-linux-gnu/libtinfo.so.6.5)
==61373==    by 0x4B0AF33: tgetent_sp (in /usr/lib/aarch64-linux-gnu/libtinfo.so.6.5)
==61373==    by 0x48F88FF: _rl_init_terminal_io (in /usr/lib/aarch64-linux-gnu/libreadline.so.8.2)
==61373==    by 0x48E2E87: rl_initialize (in /usr/lib/aarch64-linux-gnu/libreadline.so.8.2)
==61373==    by 0x48E31CF: readline (in /usr/lib/aarch64-linux-gnu/libreadline.so.8.2)
==61373==    by 0x1099BB: minishell (minishell.c:219)
==61373== 
{
   <insert_a_suppression_name_here>
   Memcheck:Leak
   match-leak-kinds: reachable
   fun:malloc
   fun:_nc_read_termtype
   fun:_nc_read_file_entry
   obj:/usr/lib/aarch64-linux-gnu/libtinfo.so.6.5
   fun:_nc_read_entry2
   obj:/usr/lib/aarch64-linux-gnu/libtinfo.so.6.5
   fun:_nc_setupterm
   fun:tgetent_sp
   fun:_rl_init_terminal_io
   fun:rl_initialize
   fun:readline
   fun:minishell
}
==61373== 2,032 bytes in 1 blocks are still reachable in loss record 41 of 73
==61373==    at 0x48850EC: malloc (vg_replace_malloc.c:431)
==61373==    by 0x48FD4EF: xmalloc (in /usr/lib/aarch64-linux-gnu/libreadline.so.8.2)
==61373==    by 0x48F8B3B: _rl_init_terminal_io (in /usr/lib/aarch64-linux-gnu/libreadline.so.8.2)
==61373==    by 0x48E2E87: rl_initialize (in /usr/lib/aarch64-linux-gnu/libreadline.so.8.2)
==61373==    by 0x48E31CF: readline (in /usr/lib/aarch64-linux-gnu/libreadline.so.8.2)
==61373==    by 0x1099BB: minishell (minishell.c:219)
==61373==    by 0x109AEB: main (minishell.c:253)
==61373== 
{
   <insert_a_suppression_name_here>
   Memcheck:Leak
   match-leak-kinds: reachable
   fun:malloc
   fun:xmalloc
   fun:_rl_init_terminal_io
   fun:rl_initialize
   fun:readline
   fun:minishell
   fun:main
}
==61373== 2,272 bytes in 142 blocks are still reachable in loss record 42 of 73
==61373==    at 0x48850EC: malloc (vg_replace_malloc.c:431)
==61373==    by 0x48FD4EF: xmalloc (in /usr/lib/aarch64-linux-gnu/libreadline.so.8.2)
==61373==    by 0x48D815B: rl_add_funmap_entry (in /usr/lib/aarch64-linux-gnu/libreadline.so.8.2)
==61373==    by 0x48D820B: rl_initialize_funmap (in /usr/lib/aarch64-linux-gnu/libreadline.so.8.2)
==61373==    by 0x48E30BF: rl_initialize (in /usr/lib/aarch64-linux-gnu/libreadline.so.8.2)
==61373==    by 0x48E31CF: readline (in /usr/lib/aarch64-linux-gnu/libreadline.so.8.2)
==61373==    by 0x1099BB: minishell (minishell.c:219)
==61373==    by 0x109AEB: main (minishell.c:253)
==61373== 
{
   <insert_a_suppression_name_here>
   Memcheck:Leak
   match-leak-kinds: reachable
   fun:malloc
   fun:xmalloc
   fun:rl_add_funmap_entry
   fun:rl_initialize_funmap
   fun:rl_initialize
   fun:readline
   fun:minishell
   fun:main
}
==61373== 2,337 bytes in 1 blocks are still reachable in loss record 43 of 73
==61373==    at 0x48850EC: malloc (vg_replace_malloc.c:431)
==61373==    by 0x4AFFB03: ??? (in /usr/lib/aarch64-linux-gnu/libtinfo.so.6.5)
==61373==    by 0x4B0AB07: _nc_setupterm (in /usr/lib/aarch64-linux-gnu/libtinfo.so.6.5)
==61373==    by 0x4B0AF33: tgetent_sp (in /usr/lib/aarch64-linux-gnu/libtinfo.so.6.5)
==61373==    by 0x48F88FF: _rl_init_terminal_io (in /usr/lib/aarch64-linux-gnu/libreadline.so.8.2)
==61373==    by 0x48E2E87: rl_initialize (in /usr/lib/aarch64-linux-gnu/libreadline.so.8.2)
==61373==    by 0x48E31CF: readline (in /usr/lib/aarch64-linux-gnu/libreadline.so.8.2)
==61373==    by 0x1099BB: minishell (minishell.c:219)
==61373==    by 0x109AEB: main (minishell.c:253)
==61373== 
{
   <insert_a_suppression_name_here>
   Memcheck:Leak
   match-leak-kinds: reachable
   fun:malloc
   obj:/usr/lib/aarch64-linux-gnu/libtinfo.so.6.5
   fun:_nc_setupterm
   fun:tgetent_sp
   fun:_rl_init_terminal_io
   fun:rl_initialize
   fun:readline
   fun:minishell
   fun:main
}
==61373== 4,000 bytes in 1 blocks are still reachable in loss record 44 of 73
==61373==    at 0x488A4F0: realloc (vg_replace_malloc.c:1649)
==61373==    by 0x4B001C3: _nc_doalloc (in /usr/lib/aarch64-linux-gnu/libtinfo.so.6.5)
==61373==    by 0x4B0EA53: _nc_read_termtype (in /usr/lib/aarch64-linux-gnu/libtinfo.so.6.5)
==61373==    by 0x4B0FAB7: _nc_read_file_entry (in /usr/lib/aarch64-linux-gnu/libtinfo.so.6.5)
==61373==    by 0x4B0FE2B: ??? (in /usr/lib/aarch64-linux-gnu/libtinfo.so.6.5)
==61373==    by 0x4B0FF7B: _nc_read_entry2 (in /usr/lib/aarch64-linux-gnu/libtinfo.so.6.5)
==61373==    by 0x4B0A93F: ??? (in /usr/lib/aarch64-linux-gnu/libtinfo.so.6.5)
==61373==    by 0x4B0AAD7: _nc_setupterm (in /usr/lib/aarch64-linux-gnu/libtinfo.so.6.5)
==61373==    by 0x4B0AF33: tgetent_sp (in /usr/lib/aarch64-linux-gnu/libtinfo.so.6.5)
==61373==    by 0x48F88FF: _rl_init_terminal_io (in /usr/lib/aarch64-linux-gnu/libreadline.so.8.2)
==61373==    by 0x48E2E87: rl_initialize (in /usr/lib/aarch64-linux-gnu/libreadline.so.8.2)
==61373==    by 0x48E31CF: readline (in /usr/lib/aarch64-linux-gnu/libreadline.so.8.2)
==61373== 
{
   <insert_a_suppression_name_here>
   Memcheck:Leak
   match-leak-kinds: reachable
   fun:realloc
   fun:_nc_doalloc
   fun:_nc_read_termtype
   fun:_nc_read_file_entry
   obj:/usr/lib/aarch64-linux-gnu/libtinfo.so.6.5
   fun:_nc_read_entry2
   obj:/usr/lib/aarch64-linux-gnu/libtinfo.so.6.5
   fun:_nc_setupterm
   fun:tgetent_sp
   fun:_rl_init_terminal_io
   fun:rl_initialize
   fun:readline
}
==61373== 4,000 bytes in 1 blocks are still reachable in loss record 45 of 73
==61373==    at 0x48850EC: malloc (vg_replace_malloc.c:431)
==61373==    by 0x4AFF89B: ??? (in /usr/lib/aarch64-linux-gnu/libtinfo.so.6.5)
==61373==    by 0x4B0AB07: _nc_setupterm (in /usr/lib/aarch64-linux-gnu/libtinfo.so.6.5)
==61373==    by 0x4B0AF33: tgetent_sp (in /usr/lib/aarch64-linux-gnu/libtinfo.so.6.5)
==61373==    by 0x48F88FF: _rl_init_terminal_io (in /usr/lib/aarch64-linux-gnu/libreadline.so.8.2)
==61373==    by 0x48E2E87: rl_initialize (in /usr/lib/aarch64-linux-gnu/libreadline.so.8.2)
==61373==    by 0x48E31CF: readline (in /usr/lib/aarch64-linux-gnu/libreadline.so.8.2)
==61373==    by 0x1099BB: minishell (minishell.c:219)
==61373==    by 0x109AEB: main (minishell.c:253)
==61373== 
{
   <insert_a_suppression_name_here>
   Memcheck:Leak
   match-leak-kinds: reachable
   fun:malloc
   obj:/usr/lib/aarch64-linux-gnu/libtinfo.so.6.5
   fun:_nc_setupterm
   fun:tgetent_sp
   fun:_rl_init_terminal_io
   fun:rl_initialize
   fun:readline
   fun:minishell
   fun:main
}
==61373== 4,080 bytes in 1 blocks are still reachable in loss record 46 of 73
==61373==    at 0x48850EC: malloc (vg_replace_malloc.c:431)
==61373==    by 0x48FD4EF: xmalloc (in /usr/lib/aarch64-linux-gnu/libreadline.so.8.2)
==61373==    by 0x48F8B2B: _rl_init_terminal_io (in /usr/lib/aarch64-linux-gnu/libreadline.so.8.2)
==61373==    by 0x48E2E87: rl_initialize (in /usr/lib/aarch64-linux-gnu/libreadline.so.8.2)
==61373==    by 0x48E31CF: readline (in /usr/lib/aarch64-linux-gnu/libreadline.so.8.2)
==61373==    by 0x1099BB: minishell (minishell.c:219)
==61373==    by 0x109AEB: main (minishell.c:253)
==61373== 
{
   <insert_a_suppression_name_here>
   Memcheck:Leak
   match-leak-kinds: reachable
   fun:malloc
   fun:xmalloc
   fun:_rl_init_terminal_io
   fun:rl_initialize
   fun:readline
   fun:minishell
   fun:main
}
==61373== 4,112 bytes in 1 blocks are still reachable in loss record 47 of 73
==61373==    at 0x48850EC: malloc (vg_replace_malloc.c:431)
==61373==    by 0x48FD4EF: xmalloc (in /usr/lib/aarch64-linux-gnu/libreadline.so.8.2)
==61373==    by 0x48D64B3: rl_make_bare_keymap (in /usr/lib/aarch64-linux-gnu/libreadline.so.8.2)
==61373==    by 0x48D7363: rl_generic_bind (in /usr/lib/aarch64-linux-gnu/libreadline.so.8.2)
==61373==    by 0x48E2B7F: rl_bind_keyseq_if_unbound_in_map (in /usr/lib/aarch64-linux-gnu/libreadline.so.8.2)
==61373==    by 0x48F847F: ??? (in /usr/lib/aarch64-linux-gnu/libreadline.so.8.2)
==61373==    by 0x48F8A3B: _rl_init_terminal_io (in /usr/lib/aarch64-linux-gnu/libreadline.so.8.2)
==61373==    by 0x48E2E87: rl_initialize (in /usr/lib/aarch64-linux-gnu/libreadline.so.8.2)
==61373==    by 0x48E31CF: readline (in /usr/lib/aarch64-linux-gnu/libreadline.so.8.2)
==61373==    by 0x1099BB: minishell (minishell.c:219)
==61373==    by 0x109AEB: main (minishell.c:253)
==61373== 
{
   <insert_a_suppression_name_here>
   Memcheck:Leak
   match-leak-kinds: reachable
   fun:malloc
   fun:xmalloc
   fun:rl_make_bare_keymap
   fun:rl_generic_bind
   fun:rl_bind_keyseq_if_unbound_in_map
   obj:/usr/lib/aarch64-linux-gnu/libreadline.so.8.2
   fun:_rl_init_terminal_io
   fun:rl_initialize
   fun:readline
   fun:minishell
   fun:main
}
==61373== 4,112 bytes in 1 blocks are still reachable in loss record 48 of 73
==61373==    at 0x48850EC: malloc (vg_replace_malloc.c:431)
==61373==    by 0x48FD4EF: xmalloc (in /usr/lib/aarch64-linux-gnu/libreadline.so.8.2)
==61373==    by 0x48D64B3: rl_make_bare_keymap (in /usr/lib/aarch64-linux-gnu/libreadline.so.8.2)
==61373==    by 0x48D7363: rl_generic_bind (in /usr/lib/aarch64-linux-gnu/libreadline.so.8.2)
==61373==    by 0x48E2B7F: rl_bind_keyseq_if_unbound_in_map (in /usr/lib/aarch64-linux-gnu/libreadline.so.8.2)
==61373==    by 0x48F84EF: ??? (in /usr/lib/aarch64-linux-gnu/libreadline.so.8.2)
==61373==    by 0x48F8A3B: _rl_init_terminal_io (in /usr/lib/aarch64-linux-gnu/libreadline.so.8.2)
==61373==    by 0x48E2E87: rl_initialize (in /usr/lib/aarch64-linux-gnu/libreadline.so.8.2)
==61373==    by 0x48E31CF: readline (in /usr/lib/aarch64-linux-gnu/libreadline.so.8.2)
==61373==    by 0x1099BB: minishell (minishell.c:219)
==61373==    by 0x109AEB: main (minishell.c:253)
==61373== 
{
   <insert_a_suppression_name_here>
   Memcheck:Leak
   match-leak-kinds: reachable
   fun:malloc
   fun:xmalloc
   fun:rl_make_bare_keymap
   fun:rl_generic_bind
   fun:rl_bind_keyseq_if_unbound_in_map
   obj:/usr/lib/aarch64-linux-gnu/libreadline.so.8.2
   fun:_rl_init_terminal_io
   fun:rl_initialize
   fun:readline
   fun:minishell
   fun:main
}
==61373== 4,112 bytes in 1 blocks are still reachable in loss record 49 of 73
==61373==    at 0x48850EC: malloc (vg_replace_malloc.c:431)
==61373==    by 0x48FD4EF: xmalloc (in /usr/lib/aarch64-linux-gnu/libreadline.so.8.2)
==61373==    by 0x48D64B3: rl_make_bare_keymap (in /usr/lib/aarch64-linux-gnu/libreadline.so.8.2)
==61373==    by 0x48D7363: rl_generic_bind (in /usr/lib/aarch64-linux-gnu/libreadline.so.8.2)
==61373==    by 0x48E2B7F: rl_bind_keyseq_if_unbound_in_map (in /usr/lib/aarch64-linux-gnu/libreadline.so.8.2)
==61373==    by 0x48F84FF: ??? (in /usr/lib/aarch64-linux-gnu/libreadline.so.8.2)
==61373==    by 0x48F8A3B: _rl_init_terminal_io (in /usr/lib/aarch64-linux-gnu/libreadline.so.8.2)
==61373==    by 0x48E2E87: rl_initialize (in /usr/lib/aarch64-linux-gnu/libreadline.so.8.2)
==61373==    by 0x48E31CF: readline (in /usr/lib/aarch64-linux-gnu/libreadline.so.8.2)
==61373==    by 0x1099BB: minishell (minishell.c:219)
==61373==    by 0x109AEB: main (minishell.c:253)
==61373== 
{
   <insert_a_suppression_name_here>
   Memcheck:Leak
   match-leak-kinds: reachable
   fun:malloc
   fun:xmalloc
   fun:rl_make_bare_keymap
   fun:rl_generic_bind
   fun:rl_bind_keyseq_if_unbound_in_map
   obj:/usr/lib/aarch64-linux-gnu/libreadline.so.8.2
   fun:_rl_init_terminal_io
   fun:rl_initialize
   fun:readline
   fun:minishell
   fun:main
}
==61373== 4,112 bytes in 1 blocks are still reachable in loss record 50 of 73
==61373==    at 0x48850EC: malloc (vg_replace_malloc.c:431)
==61373==    by 0x48FD4EF: xmalloc (in /usr/lib/aarch64-linux-gnu/libreadline.so.8.2)
==61373==    by 0x48D64B3: rl_make_bare_keymap (in /usr/lib/aarch64-linux-gnu/libreadline.so.8.2)
==61373==    by 0x48D7363: rl_generic_bind (in /usr/lib/aarch64-linux-gnu/libreadline.so.8.2)
==61373==    by 0x48E2B7F: rl_bind_keyseq_if_unbound_in_map (in /usr/lib/aarch64-linux-gnu/libreadline.so.8.2)
==61373==    by 0x48F850F: ??? (in /usr/lib/aarch64-linux-gnu/libreadline.so.8.2)
==61373==    by 0x48F8A3B: _rl_init_terminal_io (in /usr/lib/aarch64-linux-gnu/libreadline.so.8.2)
==61373==    by 0x48E2E87: rl_initialize (in /usr/lib/aarch64-linux-gnu/libreadline.so.8.2)
==61373==    by 0x48E31CF: readline (in /usr/lib/aarch64-linux-gnu/libreadline.so.8.2)
==61373==    by 0x1099BB: minishell (minishell.c:219)
==61373==    by 0x109AEB: main (minishell.c:253)
==61373== 
{
   <insert_a_suppression_name_here>
   Memcheck:Leak
   match-leak-kinds: reachable
   fun:malloc
   fun:xmalloc
   fun:rl_make_bare_keymap
   fun:rl_generic_bind
   fun:rl_bind_keyseq_if_unbound_in_map
   obj:/usr/lib/aarch64-linux-gnu/libreadline.so.8.2
   fun:_rl_init_terminal_io
   fun:rl_initialize
   fun:readline
   fun:minishell
   fun:main
}
==61373== 4,112 bytes in 1 blocks are still reachable in loss record 51 of 73
==61373==    at 0x48850EC: malloc (vg_replace_malloc.c:431)
==61373==    by 0x48FD4EF: xmalloc (in /usr/lib/aarch64-linux-gnu/libreadline.so.8.2)
==61373==    by 0x48D64B3: rl_make_bare_keymap (in /usr/lib/aarch64-linux-gnu/libreadline.so.8.2)
==61373==    by 0x48D7363: rl_generic_bind (in /usr/lib/aarch64-linux-gnu/libreadline.so.8.2)
==61373==    by 0x48E2B7F: rl_bind_keyseq_if_unbound_in_map (in /usr/lib/aarch64-linux-gnu/libreadline.so.8.2)
==61373==    by 0x48F84EF: ??? (in /usr/lib/aarch64-linux-gnu/libreadline.so.8.2)
==61373==    by 0x48F8A47: _rl_init_terminal_io (in /usr/lib/aarch64-linux-gnu/libreadline.so.8.2)
==61373==    by 0x48E2E87: rl_initialize (in /usr/lib/aarch64-linux-gnu/libreadline.so.8.2)
==61373==    by 0x48E31CF: readline (in /usr/lib/aarch64-linux-gnu/libreadline.so.8.2)
==61373==    by 0x1099BB: minishell (minishell.c:219)
==61373==    by 0x109AEB: main (minishell.c:253)
==61373== 
{
   <insert_a_suppression_name_here>
   Memcheck:Leak
   match-leak-kinds: reachable
   fun:malloc
   fun:xmalloc
   fun:rl_make_bare_keymap
   fun:rl_generic_bind
   fun:rl_bind_keyseq_if_unbound_in_map
   obj:/usr/lib/aarch64-linux-gnu/libreadline.so.8.2
   fun:_rl_init_terminal_io
   fun:rl_initialize
   fun:readline
   fun:minishell
   fun:main
}
==61373== 4,112 bytes in 1 blocks are still reachable in loss record 52 of 73
==61373==    at 0x48850EC: malloc (vg_replace_malloc.c:431)
==61373==    by 0x48FD4EF: xmalloc (in /usr/lib/aarch64-linux-gnu/libreadline.so.8.2)
==61373==    by 0x48D64B3: rl_make_bare_keymap (in /usr/lib/aarch64-linux-gnu/libreadline.so.8.2)
==61373==    by 0x48D7363: rl_generic_bind (in /usr/lib/aarch64-linux-gnu/libreadline.so.8.2)
==61373==    by 0x48E2B7F: rl_bind_keyseq_if_unbound_in_map (in /usr/lib/aarch64-linux-gnu/libreadline.so.8.2)
==61373==    by 0x48F84FF: ??? (in /usr/lib/aarch64-linux-gnu/libreadline.so.8.2)
==61373==    by 0x48F8A47: _rl_init_terminal_io (in /usr/lib/aarch64-linux-gnu/libreadline.so.8.2)
==61373==    by 0x48E2E87: rl_initialize (in /usr/lib/aarch64-linux-gnu/libreadline.so.8.2)
==61373==    by 0x48E31CF: readline (in /usr/lib/aarch64-linux-gnu/libreadline.so.8.2)
==61373==    by 0x1099BB: minishell (minishell.c:219)
==61373==    by 0x109AEB: main (minishell.c:253)
==61373== 
{
   <insert_a_suppression_name_here>
   Memcheck:Leak
   match-leak-kinds: reachable
   fun:malloc
   fun:xmalloc
   fun:rl_make_bare_keymap
   fun:rl_generic_bind
   fun:rl_bind_keyseq_if_unbound_in_map
   obj:/usr/lib/aarch64-linux-gnu/libreadline.so.8.2
   fun:_rl_init_terminal_io
   fun:rl_initialize
   fun:readline
   fun:minishell
   fun:main
}
==61373== 4,112 bytes in 1 blocks are still reachable in loss record 53 of 73
==61373==    at 0x48850EC: malloc (vg_replace_malloc.c:431)
==61373==    by 0x48FD4EF: xmalloc (in /usr/lib/aarch64-linux-gnu/libreadline.so.8.2)
==61373==    by 0x48D64B3: rl_make_bare_keymap (in /usr/lib/aarch64-linux-gnu/libreadline.so.8.2)
==61373==    by 0x48D7363: rl_generic_bind (in /usr/lib/aarch64-linux-gnu/libreadline.so.8.2)
==61373==    by 0x48E2B7F: rl_bind_keyseq_if_unbound_in_map (in /usr/lib/aarch64-linux-gnu/libreadline.so.8.2)
==61373==    by 0x48F850F: ??? (in /usr/lib/aarch64-linux-gnu/libreadline.so.8.2)
==61373==    by 0x48F8A47: _rl_init_terminal_io (in /usr/lib/aarch64-linux-gnu/libreadline.so.8.2)
==61373==    by 0x48E2E87: rl_initialize (in /usr/lib/aarch64-linux-gnu/libreadline.so.8.2)
==61373==    by 0x48E31CF: readline (in /usr/lib/aarch64-linux-gnu/libreadline.so.8.2)
==61373==    by 0x1099BB: minishell (minishell.c:219)
==61373==    by 0x109AEB: main (minishell.c:253)
==61373== 
{
   <insert_a_suppression_name_here>
   Memcheck:Leak
   match-leak-kinds: reachable
   fun:malloc
   fun:xmalloc
   fun:rl_make_bare_keymap
   fun:rl_generic_bind
   fun:rl_bind_keyseq_if_unbound_in_map
   obj:/usr/lib/aarch64-linux-gnu/libreadline.so.8.2
   fun:_rl_init_terminal_io
   fun:rl_initialize
   fun:readline
   fun:minishell
   fun:main
}
==61373== 4,112 bytes in 1 blocks are still reachable in loss record 54 of 73
==61373==    at 0x48850EC: malloc (vg_replace_malloc.c:431)
==61373==    by 0x48FD4EF: xmalloc (in /usr/lib/aarch64-linux-gnu/libreadline.so.8.2)
==61373==    by 0x48D64B3: rl_make_bare_keymap (in /usr/lib/aarch64-linux-gnu/libreadline.so.8.2)
==61373==    by 0x48D7363: rl_generic_bind (in /usr/lib/aarch64-linux-gnu/libreadline.so.8.2)
==61373==    by 0x48E2B7F: rl_bind_keyseq_if_unbound_in_map (in /usr/lib/aarch64-linux-gnu/libreadline.so.8.2)
==61373==    by 0x48F84EF: ??? (in /usr/lib/aarch64-linux-gnu/libreadline.so.8.2)
==61373==    by 0x48F8A53: _rl_init_terminal_io (in /usr/lib/aarch64-linux-gnu/libreadline.so.8.2)
==61373==    by 0x48E2E87: rl_initialize (in /usr/lib/aarch64-linux-gnu/libreadline.so.8.2)
==61373==    by 0x48E31CF: readline (in /usr/lib/aarch64-linux-gnu/libreadline.so.8.2)
==61373==    by 0x1099BB: minishell (minishell.c:219)
==61373==    by 0x109AEB: main (minishell.c:253)
==61373== 
{
   <insert_a_suppression_name_here>
   Memcheck:Leak
   match-leak-kinds: reachable
   fun:malloc
   fun:xmalloc
   fun:rl_make_bare_keymap
   fun:rl_generic_bind
   fun:rl_bind_keyseq_if_unbound_in_map
   obj:/usr/lib/aarch64-linux-gnu/libreadline.so.8.2
   fun:_rl_init_terminal_io
   fun:rl_initialize
   fun:readline
   fun:minishell
   fun:main
}
==61373== 4,112 bytes in 1 blocks are still reachable in loss record 55 of 73
==61373==    at 0x48850EC: malloc (vg_replace_malloc.c:431)
==61373==    by 0x48FD4EF: xmalloc (in /usr/lib/aarch64-linux-gnu/libreadline.so.8.2)
==61373==    by 0x48D64B3: rl_make_bare_keymap (in /usr/lib/aarch64-linux-gnu/libreadline.so.8.2)
==61373==    by 0x48D7363: rl_generic_bind (in /usr/lib/aarch64-linux-gnu/libreadline.so.8.2)
==61373==    by 0x48E2B7F: rl_bind_keyseq_if_unbound_in_map (in /usr/lib/aarch64-linux-gnu/libreadline.so.8.2)
==61373==    by 0x48F84FF: ??? (in /usr/lib/aarch64-linux-gnu/libreadline.so.8.2)
==61373==    by 0x48F8A53: _rl_init_terminal_io (in /usr/lib/aarch64-linux-gnu/libreadline.so.8.2)
==61373==    by 0x48E2E87: rl_initialize (in /usr/lib/aarch64-linux-gnu/libreadline.so.8.2)
==61373==    by 0x48E31CF: readline (in /usr/lib/aarch64-linux-gnu/libreadline.so.8.2)
==61373==    by 0x1099BB: minishell (minishell.c:219)
==61373==    by 0x109AEB: main (minishell.c:253)
==61373== 
{
   <insert_a_suppression_name_here>
   Memcheck:Leak
   match-leak-kinds: reachable
   fun:malloc
   fun:xmalloc
   fun:rl_make_bare_keymap
   fun:rl_generic_bind
   fun:rl_bind_keyseq_if_unbound_in_map
   obj:/usr/lib/aarch64-linux-gnu/libreadline.so.8.2
   fun:_rl_init_terminal_io
   fun:rl_initialize
   fun:readline
   fun:minishell
   fun:main
}
==61373== 4,112 bytes in 1 blocks are still reachable in loss record 56 of 73
==61373==    at 0x48850EC: malloc (vg_replace_malloc.c:431)
==61373==    by 0x48FD4EF: xmalloc (in /usr/lib/aarch64-linux-gnu/libreadline.so.8.2)
==61373==    by 0x48D64B3: rl_make_bare_keymap (in /usr/lib/aarch64-linux-gnu/libreadline.so.8.2)
==61373==    by 0x48D7363: rl_generic_bind (in /usr/lib/aarch64-linux-gnu/libreadline.so.8.2)
==61373==    by 0x48E2B7F: rl_bind_keyseq_if_unbound_in_map (in /usr/lib/aarch64-linux-gnu/libreadline.so.8.2)
==61373==    by 0x48F850F: ??? (in /usr/lib/aarch64-linux-gnu/libreadline.so.8.2)
==61373==    by 0x48F8A53: _rl_init_terminal_io (in /usr/lib/aarch64-linux-gnu/libreadline.so.8.2)
==61373==    by 0x48E2E87: rl_initialize (in /usr/lib/aarch64-linux-gnu/libreadline.so.8.2)
==61373==    by 0x48E31CF: readline (in /usr/lib/aarch64-linux-gnu/libreadline.so.8.2)
==61373==    by 0x1099BB: minishell (minishell.c:219)
==61373==    by 0x109AEB: main (minishell.c:253)
==61373== 
{
   <insert_a_suppression_name_here>
   Memcheck:Leak
   match-leak-kinds: reachable
   fun:malloc
   fun:xmalloc
   fun:rl_make_bare_keymap
   fun:rl_generic_bind
   fun:rl_bind_keyseq_if_unbound_in_map
   obj:/usr/lib/aarch64-linux-gnu/libreadline.so.8.2
   fun:_rl_init_terminal_io
   fun:rl_initialize
   fun:readline
   fun:minishell
   fun:main
}
==61373== 4,112 bytes in 1 blocks are still reachable in loss record 57 of 73
==61373==    at 0x48850EC: malloc (vg_replace_malloc.c:431)
==61373==    by 0x48FD4EF: xmalloc (in /usr/lib/aarch64-linux-gnu/libreadline.so.8.2)
==61373==    by 0x48D64B3: rl_make_bare_keymap (in /usr/lib/aarch64-linux-gnu/libreadline.so.8.2)
==61373==    by 0x48D7363: rl_generic_bind (in /usr/lib/aarch64-linux-gnu/libreadline.so.8.2)
==61373==    by 0x48E2B7F: rl_bind_keyseq_if_unbound_in_map (in /usr/lib/aarch64-linux-gnu/libreadline.so.8.2)
==61373==    by 0x48E2DBB: ??? (in /usr/lib/aarch64-linux-gnu/libreadline.so.8.2)
==61373==    by 0x48E2F1B: rl_initialize (in /usr/lib/aarch64-linux-gnu/libreadline.so.8.2)
==61373==    by 0x48E31CF: readline (in /usr/lib/aarch64-linux-gnu/libreadline.so.8.2)
==61373==    by 0x1099BB: minishell (minishell.c:219)
==61373==    by 0x109AEB: main (minishell.c:253)
==61373== 
{
   <insert_a_suppression_name_here>
   Memcheck:Leak
   match-leak-kinds: reachable
   fun:malloc
   fun:xmalloc
   fun:rl_make_bare_keymap
   fun:rl_generic_bind
   fun:rl_bind_keyseq_if_unbound_in_map
   obj:/usr/lib/aarch64-linux-gnu/libreadline.so.8.2
   fun:rl_initialize
   fun:readline
   fun:minishell
   fun:main
}
==61373== 4,112 bytes in 1 blocks are still reachable in loss record 58 of 73
==61373==    at 0x48850EC: malloc (vg_replace_malloc.c:431)
==61373==    by 0x48FD4EF: xmalloc (in /usr/lib/aarch64-linux-gnu/libreadline.so.8.2)
==61373==    by 0x48D64B3: rl_make_bare_keymap (in /usr/lib/aarch64-linux-gnu/libreadline.so.8.2)
==61373==    by 0x48D7363: rl_generic_bind (in /usr/lib/aarch64-linux-gnu/libreadline.so.8.2)
==61373==    by 0x48E2B7F: rl_bind_keyseq_if_unbound_in_map (in /usr/lib/aarch64-linux-gnu/libreadline.so.8.2)
==61373==    by 0x48E2DBB: ??? (in /usr/lib/aarch64-linux-gnu/libreadline.so.8.2)
==61373==    by 0x48E2F23: rl_initialize (in /usr/lib/aarch64-linux-gnu/libreadline.so.8.2)
==61373==    by 0x48E31CF: readline (in /usr/lib/aarch64-linux-gnu/libreadline.so.8.2)
==61373==    by 0x1099BB: minishell (minishell.c:219)
==61373==    by 0x109AEB: main (minishell.c:253)
==61373== 
{
   <insert_a_suppression_name_here>
   Memcheck:Leak
   match-leak-kinds: reachable
   fun:malloc
   fun:xmalloc
   fun:rl_make_bare_keymap
   fun:rl_generic_bind
   fun:rl_bind_keyseq_if_unbound_in_map
   obj:/usr/lib/aarch64-linux-gnu/libreadline.so.8.2
   fun:rl_initialize
   fun:readline
   fun:minishell
   fun:main
}
==61373== 4,112 bytes in 1 blocks are still reachable in loss record 59 of 73
==61373==    at 0x48850EC: malloc (vg_replace_malloc.c:431)
==61373==    by 0x48FD4EF: xmalloc (in /usr/lib/aarch64-linux-gnu/libreadline.so.8.2)
==61373==    by 0x48D64B3: rl_make_bare_keymap (in /usr/lib/aarch64-linux-gnu/libreadline.so.8.2)
==61373==    by 0x48D7363: rl_generic_bind (in /usr/lib/aarch64-linux-gnu/libreadline.so.8.2)
==61373==    by 0x48E2B7F: rl_bind_keyseq_if_unbound_in_map (in /usr/lib/aarch64-linux-gnu/libreadline.so.8.2)
==61373==    by 0x48E2DBB: ??? (in /usr/lib/aarch64-linux-gnu/libreadline.so.8.2)
==61373==    by 0x48E2F47: rl_initialize (in /usr/lib/aarch64-linux-gnu/libreadline.so.8.2)
==61373==    by 0x48E31CF: readline (in /usr/lib/aarch64-linux-gnu/libreadline.so.8.2)
==61373==    by 0x1099BB: minishell (minishell.c:219)
==61373==    by 0x109AEB: main (minishell.c:253)
==61373== 
{
   <insert_a_suppression_name_here>
   Memcheck:Leak
   match-leak-kinds: reachable
   fun:malloc
   fun:xmalloc
   fun:rl_make_bare_keymap
   fun:rl_generic_bind
   fun:rl_bind_keyseq_if_unbound_in_map
   obj:/usr/lib/aarch64-linux-gnu/libreadline.so.8.2
   fun:rl_initialize
   fun:readline
   fun:minishell
   fun:main
}
==61373== 7,952 bytes in 1 blocks are still reachable in loss record 60 of 73
==61373==    at 0x488A2D0: calloc (vg_replace_malloc.c:1554)
==61373==    by 0x4AFE40F: ??? (in /usr/lib/aarch64-linux-gnu/libtinfo.so.6.5)
==61373==    by 0x4AFFE2B: _nc_find_type_entry (in /usr/lib/aarch64-linux-gnu/libtinfo.so.6.5)
==61373==    by 0x4B02D77: tgetstr_sp (in /usr/lib/aarch64-linux-gnu/libtinfo.so.6.5)
==61373==    by 0x48F892B: _rl_init_terminal_io (in /usr/lib/aarch64-linux-gnu/libreadline.so.8.2)
==61373==    by 0x48E2E87: rl_initialize (in /usr/lib/aarch64-linux-gnu/libreadline.so.8.2)
==61373==    by 0x48E31CF: readline (in /usr/lib/aarch64-linux-gnu/libreadline.so.8.2)
==61373==    by 0x1099BB: minishell (minishell.c:219)
==61373==    by 0x109AEB: main (minishell.c:253)
==61373== 
{
   <insert_a_suppression_name_here>
   Memcheck:Leak
   match-leak-kinds: reachable
   fun:calloc
   obj:/usr/lib/aarch64-linux-gnu/libtinfo.so.6.5
   fun:_nc_find_type_entry
   fun:tgetstr_sp
   fun:_rl_init_terminal_io
   fun:rl_initialize
   fun:readline
   fun:minishell
   fun:main
}
==61373== 8,224 bytes in 2 blocks are still reachable in loss record 61 of 73
==61373==    at 0x48850EC: malloc (vg_replace_malloc.c:431)
==61373==    by 0x48FD4EF: xmalloc (in /usr/lib/aarch64-linux-gnu/libreadline.so.8.2)
==61373==    by 0x48D64B3: rl_make_bare_keymap (in /usr/lib/aarch64-linux-gnu/libreadline.so.8.2)
==61373==    by 0x48D7363: rl_generic_bind (in /usr/lib/aarch64-linux-gnu/libreadline.so.8.2)
==61373==    by 0x48E2B7F: rl_bind_keyseq_if_unbound_in_map (in /usr/lib/aarch64-linux-gnu/libreadline.so.8.2)
==61373==    by 0x48F84DF: ??? (in /usr/lib/aarch64-linux-gnu/libreadline.so.8.2)
==61373==    by 0x48F8A3B: _rl_init_terminal_io (in /usr/lib/aarch64-linux-gnu/libreadline.so.8.2)
==61373==    by 0x48E2E87: rl_initialize (in /usr/lib/aarch64-linux-gnu/libreadline.so.8.2)
==61373==    by 0x48E31CF: readline (in /usr/lib/aarch64-linux-gnu/libreadline.so.8.2)
==61373==    by 0x1099BB: minishell (minishell.c:219)
==61373==    by 0x109AEB: main (minishell.c:253)
==61373== 
{
   <insert_a_suppression_name_here>
   Memcheck:Leak
   match-leak-kinds: reachable
   fun:malloc
   fun:xmalloc
   fun:rl_make_bare_keymap
   fun:rl_generic_bind
   fun:rl_bind_keyseq_if_unbound_in_map
   obj:/usr/lib/aarch64-linux-gnu/libreadline.so.8.2
   fun:_rl_init_terminal_io
   fun:rl_initialize
   fun:readline
   fun:minishell
   fun:main
}
==61373== 8,224 bytes in 2 blocks are still reachable in loss record 62 of 73
==61373==    at 0x48850EC: malloc (vg_replace_malloc.c:431)
==61373==    by 0x48FD4EF: xmalloc (in /usr/lib/aarch64-linux-gnu/libreadline.so.8.2)
==61373==    by 0x48D64B3: rl_make_bare_keymap (in /usr/lib/aarch64-linux-gnu/libreadline.so.8.2)
==61373==    by 0x48D7363: rl_generic_bind (in /usr/lib/aarch64-linux-gnu/libreadline.so.8.2)
==61373==    by 0x48E2B7F: rl_bind_keyseq_if_unbound_in_map (in /usr/lib/aarch64-linux-gnu/libreadline.so.8.2)
==61373==    by 0x48F847F: ??? (in /usr/lib/aarch64-linux-gnu/libreadline.so.8.2)
==61373==    by 0x48F8A47: _rl_init_terminal_io (in /usr/lib/aarch64-linux-gnu/libreadline.so.8.2)
==61373==    by 0x48E2E87: rl_initialize (in /usr/lib/aarch64-linux-gnu/libreadline.so.8.2)
==61373==    by 0x48E31CF: readline (in /usr/lib/aarch64-linux-gnu/libreadline.so.8.2)
==61373==    by 0x1099BB: minishell (minishell.c:219)
==61373==    by 0x109AEB: main (minishell.c:253)
==61373== 
{
   <insert_a_suppression_name_here>
   Memcheck:Leak
   match-leak-kinds: reachable
   fun:malloc
   fun:xmalloc
   fun:rl_make_bare_keymap
   fun:rl_generic_bind
   fun:rl_bind_keyseq_if_unbound_in_map
   obj:/usr/lib/aarch64-linux-gnu/libreadline.so.8.2
   fun:_rl_init_terminal_io
   fun:rl_initialize
   fun:readline
   fun:minishell
   fun:main
}
==61373== 8,224 bytes in 2 blocks are still reachable in loss record 63 of 73
==61373==    at 0x48850EC: malloc (vg_replace_malloc.c:431)
==61373==    by 0x48FD4EF: xmalloc (in /usr/lib/aarch64-linux-gnu/libreadline.so.8.2)
==61373==    by 0x48D64B3: rl_make_bare_keymap (in /usr/lib/aarch64-linux-gnu/libreadline.so.8.2)
==61373==    by 0x48D7363: rl_generic_bind (in /usr/lib/aarch64-linux-gnu/libreadline.so.8.2)
==61373==    by 0x48E2B7F: rl_bind_keyseq_if_unbound_in_map (in /usr/lib/aarch64-linux-gnu/libreadline.so.8.2)
==61373==    by 0x48F84DF: ??? (in /usr/lib/aarch64-linux-gnu/libreadline.so.8.2)
==61373==    by 0x48F8A47: _rl_init_terminal_io (in /usr/lib/aarch64-linux-gnu/libreadline.so.8.2)
==61373==    by 0x48E2E87: rl_initialize (in /usr/lib/aarch64-linux-gnu/libreadline.so.8.2)
==61373==    by 0x48E31CF: readline (in /usr/lib/aarch64-linux-gnu/libreadline.so.8.2)
==61373==    by 0x1099BB: minishell (minishell.c:219)
==61373==    by 0x109AEB: main (minishell.c:253)
==61373== 
{
   <insert_a_suppression_name_here>
   Memcheck:Leak
   match-leak-kinds: reachable
   fun:malloc
   fun:xmalloc
   fun:rl_make_bare_keymap
   fun:rl_generic_bind
   fun:rl_bind_keyseq_if_unbound_in_map
   obj:/usr/lib/aarch64-linux-gnu/libreadline.so.8.2
   fun:_rl_init_terminal_io
   fun:rl_initialize
   fun:readline
   fun:minishell
   fun:main
}
==61373== 8,224 bytes in 2 blocks are still reachable in loss record 64 of 73
==61373==    at 0x48850EC: malloc (vg_replace_malloc.c:431)
==61373==    by 0x48FD4EF: xmalloc (in /usr/lib/aarch64-linux-gnu/libreadline.so.8.2)
==61373==    by 0x48D64B3: rl_make_bare_keymap (in /usr/lib/aarch64-linux-gnu/libreadline.so.8.2)
==61373==    by 0x48D7363: rl_generic_bind (in /usr/lib/aarch64-linux-gnu/libreadline.so.8.2)
==61373==    by 0x48E2B7F: rl_bind_keyseq_if_unbound_in_map (in /usr/lib/aarch64-linux-gnu/libreadline.so.8.2)
==61373==    by 0x48F847F: ??? (in /usr/lib/aarch64-linux-gnu/libreadline.so.8.2)
==61373==    by 0x48F8A53: _rl_init_terminal_io (in /usr/lib/aarch64-linux-gnu/libreadline.so.8.2)
==61373==    by 0x48E2E87: rl_initialize (in /usr/lib/aarch64-linux-gnu/libreadline.so.8.2)
==61373==    by 0x48E31CF: readline (in /usr/lib/aarch64-linux-gnu/libreadline.so.8.2)
==61373==    by 0x1099BB: minishell (minishell.c:219)
==61373==    by 0x109AEB: main (minishell.c:253)
==61373== 
{
   <insert_a_suppression_name_here>
   Memcheck:Leak
   match-leak-kinds: reachable
   fun:malloc
   fun:xmalloc
   fun:rl_make_bare_keymap
   fun:rl_generic_bind
   fun:rl_bind_keyseq_if_unbound_in_map
   obj:/usr/lib/aarch64-linux-gnu/libreadline.so.8.2
   fun:_rl_init_terminal_io
   fun:rl_initialize
   fun:readline
   fun:minishell
   fun:main
}
==61373== 8,224 bytes in 2 blocks are still reachable in loss record 65 of 73
==61373==    at 0x48850EC: malloc (vg_replace_malloc.c:431)
==61373==    by 0x48FD4EF: xmalloc (in /usr/lib/aarch64-linux-gnu/libreadline.so.8.2)
==61373==    by 0x48D64B3: rl_make_bare_keymap (in /usr/lib/aarch64-linux-gnu/libreadline.so.8.2)
==61373==    by 0x48D7363: rl_generic_bind (in /usr/lib/aarch64-linux-gnu/libreadline.so.8.2)
==61373==    by 0x48E2B7F: rl_bind_keyseq_if_unbound_in_map (in /usr/lib/aarch64-linux-gnu/libreadline.so.8.2)
==61373==    by 0x48F84DF: ??? (in /usr/lib/aarch64-linux-gnu/libreadline.so.8.2)
==61373==    by 0x48F8A53: _rl_init_terminal_io (in /usr/lib/aarch64-linux-gnu/libreadline.so.8.2)
==61373==    by 0x48E2E87: rl_initialize (in /usr/lib/aarch64-linux-gnu/libreadline.so.8.2)
==61373==    by 0x48E31CF: readline (in /usr/lib/aarch64-linux-gnu/libreadline.so.8.2)
==61373==    by 0x1099BB: minishell (minishell.c:219)
==61373==    by 0x109AEB: main (minishell.c:253)
==61373== 
{
   <insert_a_suppression_name_here>
   Memcheck:Leak
   match-leak-kinds: reachable
   fun:malloc
   fun:xmalloc
   fun:rl_make_bare_keymap
   fun:rl_generic_bind
   fun:rl_bind_keyseq_if_unbound_in_map
   obj:/usr/lib/aarch64-linux-gnu/libreadline.so.8.2
   fun:_rl_init_terminal_io
   fun:rl_initialize
   fun:readline
   fun:minishell
   fun:main
}
==61373== 8,224 bytes in 2 blocks are still reachable in loss record 66 of 73
==61373==    at 0x48850EC: malloc (vg_replace_malloc.c:431)
==61373==    by 0x48FD4EF: xmalloc (in /usr/lib/aarch64-linux-gnu/libreadline.so.8.2)
==61373==    by 0x48D64B3: rl_make_bare_keymap (in /usr/lib/aarch64-linux-gnu/libreadline.so.8.2)
==61373==    by 0x48D7363: rl_generic_bind (in /usr/lib/aarch64-linux-gnu/libreadline.so.8.2)
==61373==    by 0x48E2B7F: rl_bind_keyseq_if_unbound_in_map (in /usr/lib/aarch64-linux-gnu/libreadline.so.8.2)
==61373==    by 0x48E2DAB: ??? (in /usr/lib/aarch64-linux-gnu/libreadline.so.8.2)
==61373==    by 0x48E2F1B: rl_initialize (in /usr/lib/aarch64-linux-gnu/libreadline.so.8.2)
==61373==    by 0x48E31CF: readline (in /usr/lib/aarch64-linux-gnu/libreadline.so.8.2)
==61373==    by 0x1099BB: minishell (minishell.c:219)
==61373==    by 0x109AEB: main (minishell.c:253)
==61373== 
{
   <insert_a_suppression_name_here>
   Memcheck:Leak
   match-leak-kinds: reachable
   fun:malloc
   fun:xmalloc
   fun:rl_make_bare_keymap
   fun:rl_generic_bind
   fun:rl_bind_keyseq_if_unbound_in_map
   obj:/usr/lib/aarch64-linux-gnu/libreadline.so.8.2
   fun:rl_initialize
   fun:readline
   fun:minishell
   fun:main
}
==61373== 8,224 bytes in 2 blocks are still reachable in loss record 67 of 73
==61373==    at 0x48850EC: malloc (vg_replace_malloc.c:431)
==61373==    by 0x48FD4EF: xmalloc (in /usr/lib/aarch64-linux-gnu/libreadline.so.8.2)
==61373==    by 0x48D64B3: rl_make_bare_keymap (in /usr/lib/aarch64-linux-gnu/libreadline.so.8.2)
==61373==    by 0x48D7363: rl_generic_bind (in /usr/lib/aarch64-linux-gnu/libreadline.so.8.2)
==61373==    by 0x48E2B7F: rl_bind_keyseq_if_unbound_in_map (in /usr/lib/aarch64-linux-gnu/libreadline.so.8.2)
==61373==    by 0x48E2DAB: ??? (in /usr/lib/aarch64-linux-gnu/libreadline.so.8.2)
==61373==    by 0x48E2F23: rl_initialize (in /usr/lib/aarch64-linux-gnu/libreadline.so.8.2)
==61373==    by 0x48E31CF: readline (in /usr/lib/aarch64-linux-gnu/libreadline.so.8.2)
==61373==    by 0x1099BB: minishell (minishell.c:219)
==61373==    by 0x109AEB: main (minishell.c:253)
==61373== 
{
   <insert_a_suppression_name_here>
   Memcheck:Leak
   match-leak-kinds: reachable
   fun:malloc
   fun:xmalloc
   fun:rl_make_bare_keymap
   fun:rl_generic_bind
   fun:rl_bind_keyseq_if_unbound_in_map
   obj:/usr/lib/aarch64-linux-gnu/libreadline.so.8.2
   fun:rl_initialize
   fun:readline
   fun:minishell
   fun:main
}
==61373== 8,224 bytes in 2 blocks are still reachable in loss record 68 of 73
==61373==    at 0x48850EC: malloc (vg_replace_malloc.c:431)
==61373==    by 0x48FD4EF: xmalloc (in /usr/lib/aarch64-linux-gnu/libreadline.so.8.2)
==61373==    by 0x48D64B3: rl_make_bare_keymap (in /usr/lib/aarch64-linux-gnu/libreadline.so.8.2)
==61373==    by 0x48D7363: rl_generic_bind (in /usr/lib/aarch64-linux-gnu/libreadline.so.8.2)
==61373==    by 0x48E2B7F: rl_bind_keyseq_if_unbound_in_map (in /usr/lib/aarch64-linux-gnu/libreadline.so.8.2)
==61373==    by 0x48E2DAB: ??? (in /usr/lib/aarch64-linux-gnu/libreadline.so.8.2)
==61373==    by 0x48E2F47: rl_initialize (in /usr/lib/aarch64-linux-gnu/libreadline.so.8.2)
==61373==    by 0x48E31CF: readline (in /usr/lib/aarch64-linux-gnu/libreadline.so.8.2)
==61373==    by 0x1099BB: minishell (minishell.c:219)
==61373==    by 0x109AEB: main (minishell.c:253)
==61373== 
{
   <insert_a_suppression_name_here>
   Memcheck:Leak
   match-leak-kinds: reachable
   fun:malloc
   fun:xmalloc
   fun:rl_make_bare_keymap
   fun:rl_generic_bind
   fun:rl_bind_keyseq_if_unbound_in_map
   obj:/usr/lib/aarch64-linux-gnu/libreadline.so.8.2
   fun:rl_initialize
   fun:readline
   fun:minishell
   fun:main
}
==61373== 8,224 bytes in 2 blocks are still reachable in loss record 69 of 73
==61373==    at 0x48850EC: malloc (vg_replace_malloc.c:431)
==61373==    by 0x48FD4EF: xmalloc (in /usr/lib/aarch64-linux-gnu/libreadline.so.8.2)
==61373==    by 0x48D64B3: rl_make_bare_keymap (in /usr/lib/aarch64-linux-gnu/libreadline.so.8.2)
==61373==    by 0x48D7363: rl_generic_bind (in /usr/lib/aarch64-linux-gnu/libreadline.so.8.2)
==61373==    by 0x48E2B7F: rl_bind_keyseq_if_unbound_in_map (in /usr/lib/aarch64-linux-gnu/libreadline.so.8.2)
==61373==    by 0x48E2F67: rl_initialize (in /usr/lib/aarch64-linux-gnu/libreadline.so.8.2)
==61373==    by 0x48E31CF: readline (in /usr/lib/aarch64-linux-gnu/libreadline.so.8.2)
==61373==    by 0x1099BB: minishell (minishell.c:219)
==61373==    by 0x109AEB: main (minishell.c:253)
==61373== 
{
   <insert_a_suppression_name_here>
   Memcheck:Leak
   match-leak-kinds: reachable
   fun:malloc
   fun:xmalloc
   fun:rl_make_bare_keymap
   fun:rl_generic_bind
   fun:rl_bind_keyseq_if_unbound_in_map
   fun:rl_initialize
   fun:readline
   fun:minishell
   fun:main
}
==61373== 8,224 bytes in 2 blocks are still reachable in loss record 70 of 73
==61373==    at 0x48850EC: malloc (vg_replace_malloc.c:431)
==61373==    by 0x48FD4EF: xmalloc (in /usr/lib/aarch64-linux-gnu/libreadline.so.8.2)
==61373==    by 0x48D64B3: rl_make_bare_keymap (in /usr/lib/aarch64-linux-gnu/libreadline.so.8.2)
==61373==    by 0x48D7363: rl_generic_bind (in /usr/lib/aarch64-linux-gnu/libreadline.so.8.2)
==61373==    by 0x48E2B7F: rl_bind_keyseq_if_unbound_in_map (in /usr/lib/aarch64-linux-gnu/libreadline.so.8.2)
==61373==    by 0x48E2F7B: rl_initialize (in /usr/lib/aarch64-linux-gnu/libreadline.so.8.2)
==61373==    by 0x48E31CF: readline (in /usr/lib/aarch64-linux-gnu/libreadline.so.8.2)
==61373==    by 0x1099BB: minishell (minishell.c:219)
==61373==    by 0x109AEB: main (minishell.c:253)
==61373== 
{
   <insert_a_suppression_name_here>
   Memcheck:Leak
   match-leak-kinds: reachable
   fun:malloc
   fun:xmalloc
   fun:rl_make_bare_keymap
   fun:rl_generic_bind
   fun:rl_bind_keyseq_if_unbound_in_map
   fun:rl_initialize
   fun:readline
   fun:minishell
   fun:main
}
==61373== 12,336 bytes in 3 blocks are still reachable in loss record 71 of 73
==61373==    at 0x48850EC: malloc (vg_replace_malloc.c:431)
==61373==    by 0x48FD4EF: xmalloc (in /usr/lib/aarch64-linux-gnu/libreadline.so.8.2)
==61373==    by 0x48D64B3: rl_make_bare_keymap (in /usr/lib/aarch64-linux-gnu/libreadline.so.8.2)
==61373==    by 0x48D7363: rl_generic_bind (in /usr/lib/aarch64-linux-gnu/libreadline.so.8.2)
==61373==    by 0x48E2B7F: rl_bind_keyseq_if_unbound_in_map (in /usr/lib/aarch64-linux-gnu/libreadline.so.8.2)
==61373==    by 0x48E2D87: ??? (in /usr/lib/aarch64-linux-gnu/libreadline.so.8.2)
==61373==    by 0x48E2F23: rl_initialize (in /usr/lib/aarch64-linux-gnu/libreadline.so.8.2)
==61373==    by 0x48E31CF: readline (in /usr/lib/aarch64-linux-gnu/libreadline.so.8.2)
==61373==    by 0x1099BB: minishell (minishell.c:219)
==61373==    by 0x109AEB: main (minishell.c:253)
==61373== 
{
   <insert_a_suppression_name_here>
   Memcheck:Leak
   match-leak-kinds: reachable
   fun:malloc
   fun:xmalloc
   fun:rl_make_bare_keymap
   fun:rl_generic_bind
   fun:rl_bind_keyseq_if_unbound_in_map
   obj:/usr/lib/aarch64-linux-gnu/libreadline.so.8.2
   fun:rl_initialize
   fun:readline
   fun:minishell
   fun:main
}
==61373== 12,336 bytes in 3 blocks are still reachable in loss record 72 of 73
==61373==    at 0x48850EC: malloc (vg_replace_malloc.c:431)
==61373==    by 0x48FD4EF: xmalloc (in /usr/lib/aarch64-linux-gnu/libreadline.so.8.2)
==61373==    by 0x48D64B3: rl_make_bare_keymap (in /usr/lib/aarch64-linux-gnu/libreadline.so.8.2)
==61373==    by 0x48D7363: rl_generic_bind (in /usr/lib/aarch64-linux-gnu/libreadline.so.8.2)
==61373==    by 0x48E2B7F: rl_bind_keyseq_if_unbound_in_map (in /usr/lib/aarch64-linux-gnu/libreadline.so.8.2)
==61373==    by 0x48E2D87: ??? (in /usr/lib/aarch64-linux-gnu/libreadline.so.8.2)
==61373==    by 0x48E2F47: rl_initialize (in /usr/lib/aarch64-linux-gnu/libreadline.so.8.2)
==61373==    by 0x48E31CF: readline (in /usr/lib/aarch64-linux-gnu/libreadline.so.8.2)
==61373==    by 0x1099BB: minishell (minishell.c:219)
==61373==    by 0x109AEB: main (minishell.c:253)
==61373== 
{
   <insert_a_suppression_name_here>
   Memcheck:Leak
   match-leak-kinds: reachable
   fun:malloc
   fun:xmalloc
   fun:rl_make_bare_keymap
   fun:rl_generic_bind
   fun:rl_bind_keyseq_if_unbound_in_map
   obj:/usr/lib/aarch64-linux-gnu/libreadline.so.8.2
   fun:rl_initialize
   fun:readline
   fun:minishell
   fun:main
}
==61373== 24,672 bytes in 6 blocks are still reachable in loss record 73 of 73
==61373==    at 0x48850EC: malloc (vg_replace_malloc.c:431)
==61373==    by 0x48FD4EF: xmalloc (in /usr/lib/aarch64-linux-gnu/libreadline.so.8.2)
==61373==    by 0x48D64B3: rl_make_bare_keymap (in /usr/lib/aarch64-linux-gnu/libreadline.so.8.2)
==61373==    by 0x48D7363: rl_generic_bind (in /usr/lib/aarch64-linux-gnu/libreadline.so.8.2)
==61373==    by 0x48E952B: rl_parse_and_bind (in /usr/lib/aarch64-linux-gnu/libreadline.so.8.2)
==61373==    by 0x48E9747: ??? (in /usr/lib/aarch64-linux-gnu/libreadline.so.8.2)
==61373==    by 0x48E30CB: rl_initialize (in /usr/lib/aarch64-linux-gnu/libreadline.so.8.2)
==61373==    by 0x48E31CF: readline (in /usr/lib/aarch64-linux-gnu/libreadline.so.8.2)
==61373==    by 0x1099BB: minishell (minishell.c:219)
==61373==    by 0x109AEB: main (minishell.c:253)
==61373== 
{
   <insert_a_suppression_name_here>
   Memcheck:Leak
   match-leak-kinds: reachable
   fun:malloc
   fun:xmalloc
   fun:rl_make_bare_keymap
   fun:rl_generic_bind
   fun:rl_parse_and_bind
   obj:/usr/lib/aarch64-linux-gnu/libreadline.so.8.2
   fun:rl_initialize
   fun:readline
   fun:minishell
   fun:main
}
==61373== LEAK SUMMARY:
==61373==    definitely lost: 0 bytes in 0 blocks
==61373==    indirectly lost: 0 bytes in 0 blocks
==61373==      possibly lost: 0 bytes in 0 blocks
==61373==    still reachable: 228,806 bytes in 233 blocks
==61373==         suppressed: 0 bytes in 0 blocks
==61373== 
==61373== For lists of detected and suppressed errors, rerun with: -s
==61373== ERROR SUMMARY: 0 errors from 0 contexts (suppressed: 0 from 0)
